<?xml version="1.0" encoding="UTF-8"?>
<testsuites>
  <testsuite name="ard_attributes.survey.design" timestamp="2026-04-13T22:24:28Z" hostname="9b8127fd4078" tests="1" skipped="0" failures="0" errors="0" time="1.608">
    <testcase time="1.608" classname="character(0)" name="ard_attributes.survey.design_works"/>
  </testsuite>
  <testsuite name="ard_aod_wald_test" timestamp="2026-04-13T22:24:28Z" hostname="9b8127fd4078" tests="4" skipped="0" failures="0" errors="0" time="0.202">
    <testcase time="0.194" classname="character(0)" name="ard_aod_wald_test_works"/>
    <testcase time="0.00099999999999989" classname="character(0)" name="ard_aod_wald_test_works"/>
    <testcase time="0.00600000000000023" classname="character(0)" name="ard_aod_wald_test_works"/>
    <testcase time="0.00099999999999989" classname="character(0)" name="ard_aod_wald_test_works"/>
  </testsuite>
  <testsuite name="ard_aod_wald_test" timestamp="2026-04-13T22:24:28Z" hostname="9b8127fd4078" tests="1" skipped="0" failures="0" errors="0" time="0.015">
    <testcase time="0.0150000000000001" classname="character(0)" name="ard_aod_wald_test_follows_ard_structure"/>
  </testsuite>
  <testsuite name="ard_car_vif" timestamp="2026-04-13T22:24:28Z" hostname="9b8127fd4078" tests="2" skipped="0" failures="0" errors="0" time="0.366">
    <testcase time="0.365" classname="character(0)" name="ard_car_vif_works"/>
    <testcase time="0.00099999999999989" classname="character(0)" name="ard_car_vif_works"/>
  </testsuite>
  <testsuite name="ard_car_vif" timestamp="2026-04-13T22:24:28Z" hostname="9b8127fd4078" tests="1" skipped="0" failures="0" errors="0" time="0.003">
    <testcase time="0.00300000000000011" classname="character(0)" name="ard_car_vif_appropriate_errors_are_given_for_model_with_only_1_term"/>
  </testsuite>
  <testsuite name="ard_car_vif" timestamp="2026-04-13T22:24:28Z" hostname="9b8127fd4078" tests="1" skipped="0" failures="0" errors="0" time="0.002">
    <testcase time="0.00200000000000022" classname="character(0)" name="ard_vif_issues_friendly_messaging_for_incorrect_object_passed_in_can_t_get_terms_of_model"/>
  </testsuite>
  <testsuite name="ard_car_vif" timestamp="2026-04-13T22:24:28Z" hostname="9b8127fd4078" tests="1" skipped="0" failures="0" errors="0" time="0.002">
    <testcase time="0.00199999999999978" classname="character(0)" name="ard_car_vif_follows_ard_structure"/>
  </testsuite>
  <testsuite name="ard_car_anova" timestamp="2026-04-13T22:24:28Z" hostname="9b8127fd4078" tests="3" skipped="0" failures="0" errors="0" time="0.14">
    <testcase time="0.137" classname="character(0)" name="ard_car_anova_works"/>
    <testcase time="0.00099999999999989" classname="character(0)" name="ard_car_anova_works"/>
    <testcase time="0.00200000000000022" classname="character(0)" name="ard_car_anova_works"/>
  </testsuite>
  <testsuite name="ard_car_anova" timestamp="2026-04-13T22:24:28Z" hostname="9b8127fd4078" tests="1" skipped="0" failures="0" errors="0" time="0.002">
    <testcase time="0.00199999999999978" classname="character(0)" name="ard_car_anova_messaging"/>
  </testsuite>
  <testsuite name="ard_car_anova" timestamp="2026-04-13T22:24:28Z" hostname="9b8127fd4078" tests="1" skipped="0" failures="0" errors="0" time="0.003">
    <testcase time="0.00300000000000011" classname="character(0)" name="ard_car_anova_follows_ard_structure"/>
  </testsuite>
  <testsuite name="ard_categorical_ci.survey.design" timestamp="2026-04-13T22:24:30Z" hostname="9b8127fd4078" tests="1" skipped="0" failures="0" errors="0" time="2.189">
    <testcase time="2.189" classname="character(0)" name="ard_categorical_ci_data_"/>
  </testsuite>
  <testsuite name="ard_categorical_ci.survey.design" timestamp="2026-04-13T22:24:30Z" hostname="9b8127fd4078" tests="5" skipped="0" failures="0" errors="0" time="0.007">
    <testcase time="0.00300000000000011" classname="character(0)" name="ard_categorical_ci_variables_"/>
    <testcase time="0.000999999999999446" classname="character(0)" name="ard_categorical_ci_variables_"/>
    <testcase time="0.00100000000000033" classname="character(0)" name="ard_categorical_ci_variables_"/>
    <testcase time="0.00100000000000033" classname="character(0)" name="ard_categorical_ci_variables_"/>
    <testcase time="0.000999999999999446" classname="character(0)" name="ard_categorical_ci_variables_"/>
  </testsuite>
  <testsuite name="ard_categorical_ci.survey.design" timestamp="2026-04-13T22:24:30Z" hostname="9b8127fd4078" tests="4" skipped="0" failures="0" errors="0" time="0.006">
    <testcase time="0.00300000000000011" classname="character(0)" name="ard_categorical_ci_by_"/>
    <testcase time="0.00100000000000033" classname="character(0)" name="ard_categorical_ci_by_"/>
    <testcase time="0.000999999999999446" classname="character(0)" name="ard_categorical_ci_by_"/>
    <testcase time="0.00100000000000033" classname="character(0)" name="ard_categorical_ci_by_"/>
  </testsuite>
  <testsuite name="ard_categorical_ci.survey.design" timestamp="2026-04-13T22:24:30Z" hostname="9b8127fd4078" tests="2" skipped="0" failures="0" errors="0" time="0.002">
    <testcase time="0.00199999999999978" classname="character(0)" name="ard_categorical_ci_conf.level_"/>
    <testcase time="0" classname="character(0)" name="ard_categorical_ci_conf.level_"/>
  </testsuite>
  <testsuite name="ard_categorical_ci.survey.design" timestamp="2026-04-13T22:24:30Z" hostname="9b8127fd4078" tests="3" skipped="0" failures="0" errors="0" time="0.003">
    <testcase time="0.00200000000000067" classname="character(0)" name="ard_categorical_ci_method_"/>
    <testcase time="0" classname="character(0)" name="ard_categorical_ci_method_"/>
    <testcase time="0.000999999999999446" classname="character(0)" name="ard_categorical_ci_method_"/>
  </testsuite>
  <testsuite name="ard_categorical_ci.survey.design" timestamp="2026-04-13T22:24:30Z" hostname="9b8127fd4078" tests="2" skipped="0" failures="0" errors="0" time="0.002">
    <testcase time="0.00199999999999978" classname="character(0)" name="ard_categorical_ci_value_"/>
    <testcase time="0" classname="character(0)" name="ard_categorical_ci_value_"/>
  </testsuite>
  <testsuite name="ard_categorical_ci.survey.design" timestamp="2026-04-13T22:24:30Z" hostname="9b8127fd4078" tests="1" skipped="0" failures="0" errors="0" time="0.002">
    <testcase time="0.00200000000000067" classname="character(0)" name="ard_categorical_ci.survey.design_follows_ard_structure"/>
  </testsuite>
  <testsuite name="ard_continuous_ci.data.frame" timestamp="2026-04-13T22:24:31Z" hostname="9b8127fd4078" tests="1" skipped="0" failures="0" errors="0" time="0.642">
    <testcase time="0.641999999999999" classname="character(0)" name="ard_continuous_ci.data.frame_method_t.test_"/>
  </testsuite>
  <testsuite name="ard_continuous_ci.data.frame" timestamp="2026-04-13T22:24:31Z" hostname="9b8127fd4078" tests="1" skipped="0" failures="0" errors="0" time="0.002">
    <testcase time="0.00200000000000067" classname="character(0)" name="ard_continuous_ci.data.frame_method_wilcox.test_"/>
  </testsuite>
  <testsuite name="ard_continuous_ci.data.frame" timestamp="2026-04-13T22:24:31Z" hostname="9b8127fd4078" tests="1" skipped="0" failures="0" errors="0" time="0.001">
    <testcase time="0.000999999999999446" classname="character(0)" name="ard_continuous_ci.data.frame_follows_ard_structure"/>
  </testsuite>
  <testsuite name="ard_continuous_ci.survey.design" timestamp="2026-04-13T22:24:32Z" hostname="9b8127fd4078" tests="1" skipped="0" failures="0" errors="0" time="1.216">
    <testcase time="1.216" classname="character(0)" name="ard_continuous_ci_data_"/>
  </testsuite>
  <testsuite name="ard_continuous_ci.survey.design" timestamp="2026-04-13T22:24:32Z" hostname="9b8127fd4078" tests="5" skipped="0" failures="0" errors="0" time="0.004">
    <testcase time="0.00100000000000033" classname="character(0)" name="ard_continuous_ci_variables_"/>
    <testcase time="0.000999999999999446" classname="character(0)" name="ard_continuous_ci_variables_"/>
    <testcase time="0.00100000000000033" classname="character(0)" name="ard_continuous_ci_variables_"/>
    <testcase time="0" classname="character(0)" name="ard_continuous_ci_variables_"/>
    <testcase time="0.00100000000000033" classname="character(0)" name="ard_continuous_ci_variables_"/>
  </testsuite>
  <testsuite name="ard_continuous_ci.survey.design" timestamp="2026-04-13T22:24:32Z" hostname="9b8127fd4078" tests="6" skipped="0" failures="0" errors="0" time="0.004">
    <testcase time="0.000999999999999446" classname="character(0)" name="ard_continuous_ci_by_"/>
    <testcase time="0.00100000000000033" classname="character(0)" name="ard_continuous_ci_by_"/>
    <testcase time="0" classname="character(0)" name="ard_continuous_ci_by_"/>
    <testcase time="0.000999999999999446" classname="character(0)" name="ard_continuous_ci_by_"/>
    <testcase time="0.00100000000000033" classname="character(0)" name="ard_continuous_ci_by_"/>
    <testcase time="0" classname="character(0)" name="ard_continuous_ci_by_"/>
  </testsuite>
  <testsuite name="ard_continuous_ci.survey.design" timestamp="2026-04-13T22:24:32Z" hostname="9b8127fd4078" tests="2" skipped="0" failures="0" errors="0" time="0.002">
    <testcase time="0.00199999999999978" classname="character(0)" name="ard_continuous_ci_conf.level_"/>
    <testcase time="0" classname="character(0)" name="ard_continuous_ci_conf.level_"/>
  </testsuite>
  <testsuite name="ard_continuous_ci.survey.design" timestamp="2026-04-13T22:24:32Z" hostname="9b8127fd4078" tests="3" skipped="0" failures="0" errors="0" time="0.003">
    <testcase time="0.00200000000000067" classname="character(0)" name="ard_continuous_ci_method_variables_"/>
    <testcase time="0.000999999999999446" classname="character(0)" name="ard_continuous_ci_method_variables_"/>
    <testcase time="0" classname="character(0)" name="ard_continuous_ci_method_variables_"/>
  </testsuite>
  <testsuite name="ard_continuous_ci.survey.design" timestamp="2026-04-13T22:24:32Z" hostname="9b8127fd4078" tests="3" skipped="0" failures="0" errors="0" time="0.003">
    <testcase time="0.00199999999999978" classname="character(0)" name="ard_continuous_ci_method_by_"/>
    <testcase time="0" classname="character(0)" name="ard_continuous_ci_method_by_"/>
    <testcase time="0.00100000000000033" classname="character(0)" name="ard_continuous_ci_method_by_"/>
  </testsuite>
  <testsuite name="ard_continuous_ci.survey.design" timestamp="2026-04-13T22:24:32Z" hostname="9b8127fd4078" tests="4" skipped="0" failures="0" errors="0" time="0.005">
    <testcase time="0.00100000000000033" classname="character(0)" name="ard_continuous_ci_..._"/>
    <testcase time="0.00300000000000011" classname="character(0)" name="ard_continuous_ci_..._"/>
    <testcase time="0.000999999999999446" classname="character(0)" name="ard_continuous_ci_..._"/>
    <testcase time="0" classname="character(0)" name="ard_continuous_ci_..._"/>
  </testsuite>
  <testsuite name="ard_continuous_ci.survey.design" timestamp="2026-04-13T22:24:32Z" hostname="9b8127fd4078" tests="2" skipped="0" failures="0" errors="0" time="0.003">
    <testcase time="0.00199999999999978" classname="character(0)" name="ard_continuous_ci_errors_are_captured"/>
    <testcase time="0.00100000000000033" classname="character(0)" name="ard_continuous_ci_errors_are_captured"/>
  </testsuite>
  <testsuite name="ard_continuous_ci.survey.design" timestamp="2026-04-13T22:24:32Z" hostname="9b8127fd4078" tests="1" skipped="0" failures="0" errors="0" time="0.001">
    <testcase time="0.00100000000000033" classname="character(0)" name="ard_continuous_ci.survey.design_follows_ard_structure"/>
  </testsuite>
  <testsuite name="ard_categorical_ci.data.frame" timestamp="2026-04-13T22:24:32Z" hostname="9b8127fd4078" tests="1" skipped="0" failures="0" errors="0" time="0.032">
    <testcase time="0.032" classname="character(0)" name="ard_categorical_ci.data.frame_method_wald_"/>
  </testsuite>
  <testsuite name="ard_categorical_ci.data.frame" timestamp="2026-04-13T22:24:32Z" hostname="9b8127fd4078" tests="1" skipped="0" failures="0" errors="0" time="0.003">
    <testcase time="0.00299999999999923" classname="character(0)" name="ard_categorical_ci.data.frame_method_waldcc_"/>
  </testsuite>
  <testsuite name="ard_categorical_ci.data.frame" timestamp="2026-04-13T22:24:32Z" hostname="9b8127fd4078" tests="1" skipped="0" failures="0" errors="0" time="0.003">
    <testcase time="0.00300000000000011" classname="character(0)" name="ard_categorical_ci.data.frame_method_clopper_pearson_"/>
  </testsuite>
  <testsuite name="ard_categorical_ci.data.frame" timestamp="2026-04-13T22:24:32Z" hostname="9b8127fd4078" tests="1" skipped="0" failures="0" errors="0" time="0.003">
    <testcase time="0.00300000000000011" classname="character(0)" name="ard_categorical_ci.data.frame_method_wilson_"/>
  </testsuite>
  <testsuite name="ard_categorical_ci.data.frame" timestamp="2026-04-13T22:24:32Z" hostname="9b8127fd4078" tests="1" skipped="0" failures="0" errors="0" time="0.003">
    <testcase time="0.00300000000000011" classname="character(0)" name="ard_categorical_ci.data.frame_method_wilsoncc_"/>
  </testsuite>
  <testsuite name="ard_categorical_ci.data.frame" timestamp="2026-04-13T22:24:32Z" hostname="9b8127fd4078" tests="3" skipped="0" failures="0" errors="0" time="0.004">
    <testcase time="0.00199999999999978" classname="character(0)" name="ard_categorical_ci.data.frame_method_strat_wilson_"/>
    <testcase time="0.00100000000000033" classname="character(0)" name="ard_categorical_ci.data.frame_method_strat_wilson_"/>
    <testcase time="0.00100000000000033" classname="character(0)" name="ard_categorical_ci.data.frame_method_strat_wilson_"/>
  </testsuite>
  <testsuite name="ard_categorical_ci.data.frame" timestamp="2026-04-13T22:24:32Z" hostname="9b8127fd4078" tests="1" skipped="0" failures="0" errors="0" time="0.002">
    <testcase time="0.00199999999999978" classname="character(0)" name="ard_categorical_ci.data.frame_method_strat_wilsoncc_"/>
  </testsuite>
  <testsuite name="ard_categorical_ci.data.frame" timestamp="2026-04-13T22:24:32Z" hostname="9b8127fd4078" tests="1" skipped="0" failures="0" errors="0" time="0.002">
    <testcase time="0.00199999999999978" classname="character(0)" name="ard_categorical_ci.data.frame_method_jeffreys_"/>
  </testsuite>
  <testsuite name="ard_categorical_ci.data.frame" timestamp="2026-04-13T22:24:32Z" hostname="9b8127fd4078" tests="1" skipped="0" failures="0" errors="0" time="0.002">
    <testcase time="0.00199999999999978" classname="character(0)" name="ard_categorical_ci.data.frame_method_agresti_coull_"/>
  </testsuite>
  <testsuite name="ard_categorical_ci.data.frame" timestamp="2026-04-13T22:24:32Z" hostname="9b8127fd4078" tests="1" skipped="0" failures="0" errors="0" time="0.002">
    <testcase time="0.00200000000000067" classname="character(0)" name="ard_continuous_ci.data.frame_follows_ard_structure"/>
  </testsuite>
  <testsuite name="ard_categorical_ci.data.frame" timestamp="2026-04-13T22:24:32Z" hostname="9b8127fd4078" tests="6" skipped="0" failures="0" errors="0" time="0.004">
    <testcase time="0.000999999999999446" classname="character(0)" name="ard_continuous_ci.data.frame_denominator_row_"/>
    <testcase time="0.00100000000000033" classname="character(0)" name="ard_continuous_ci.data.frame_denominator_row_"/>
    <testcase time="0" classname="character(0)" name="ard_continuous_ci.data.frame_denominator_row_"/>
    <testcase time="0.000999999999999446" classname="character(0)" name="ard_continuous_ci.data.frame_denominator_row_"/>
    <testcase time="0.00100000000000033" classname="character(0)" name="ard_continuous_ci.data.frame_denominator_row_"/>
    <testcase time="0" classname="character(0)" name="ard_continuous_ci.data.frame_denominator_row_"/>
  </testsuite>
  <testsuite name="ard_categorical_ci.data.frame" timestamp="2026-04-13T22:24:32Z" hostname="9b8127fd4078" tests="6" skipped="0" failures="0" errors="0" time="0.005">
    <testcase time="0.00199999999999978" classname="character(0)" name="ard_continuous_ci.data.frame_denominator_cell_"/>
    <testcase time="0.00100000000000033" classname="character(0)" name="ard_continuous_ci.data.frame_denominator_cell_"/>
    <testcase time="0" classname="character(0)" name="ard_continuous_ci.data.frame_denominator_cell_"/>
    <testcase time="0.00100000000000033" classname="character(0)" name="ard_continuous_ci.data.frame_denominator_cell_"/>
    <testcase time="0" classname="character(0)" name="ard_continuous_ci.data.frame_denominator_cell_"/>
    <testcase time="0.000999999999999446" classname="character(0)" name="ard_continuous_ci.data.frame_denominator_cell_"/>
  </testsuite>
  <testsuite name="ard_categorical_ci.data.frame" timestamp="2026-04-13T22:24:32Z" hostname="9b8127fd4078" tests="2" skipped="0" failures="0" errors="0" time="0.002">
    <testcase time="0.00199999999999978" classname="character(0)" name="ard_continuous_ci.data.frame_denominator_column_with_all_NA_column"/>
    <testcase time="0" classname="character(0)" name="ard_continuous_ci.data.frame_denominator_column_with_all_NA_column"/>
  </testsuite>
  <testsuite name="ard_categorical_ci.data.frame" timestamp="2026-04-13T22:24:32Z" hostname="9b8127fd4078" tests="2" skipped="0" failures="0" errors="0" time="0.003">
    <testcase time="0.00200000000000067" classname="character(0)" name="ard_continuous_ci.data.frame_denominator_row_with_all_NA_column"/>
    <testcase time="0.000999999999999446" classname="character(0)" name="ard_continuous_ci.data.frame_denominator_row_with_all_NA_column"/>
  </testsuite>
  <testsuite name="ard_categorical_ci.data.frame" timestamp="2026-04-13T22:24:32Z" hostname="9b8127fd4078" tests="2" skipped="0" failures="0" errors="0" time="0.002">
    <testcase time="0.00100000000000033" classname="character(0)" name="ard_continuous_ci.data.frame_denominator_cell_with_all_NA_column"/>
    <testcase time="0.00100000000000033" classname="character(0)" name="ard_continuous_ci.data.frame_denominator_cell_with_all_NA_column"/>
  </testsuite>
  <testsuite name="ard_categorical_ci.data.frame" timestamp="2026-04-13T22:24:32Z" hostname="9b8127fd4078" tests="3" skipped="0" failures="0" errors="0" time="0.003">
    <testcase time="0.00199999999999978" classname="character(0)" name="ard_continuous_ci.data.frame_NA_handling"/>
    <testcase time="0" classname="character(0)" name="ard_continuous_ci.data.frame_NA_handling"/>
    <testcase time="0.000999999999999446" classname="character(0)" name="ard_continuous_ci.data.frame_NA_handling"/>
  </testsuite>
  <testsuite name="ard_categorical_ci.data.frame" timestamp="2026-04-13T22:24:32Z" hostname="9b8127fd4078" tests="2" skipped="0" failures="0" errors="0" time="0.002">
    <testcase time="0.00200000000000067" classname="character(0)" name="ard_categorical_ci_method_strat_wilson_NA_handling"/>
    <testcase time="0" classname="character(0)" name="ard_categorical_ci_method_strat_wilson_NA_handling"/>
  </testsuite>
  <testsuite name="ard_effectsize_cohens_d" timestamp="2026-04-13T22:24:33Z" hostname="9b8127fd4078" tests="4" skipped="0" failures="0" errors="0" time="0.506">
    <testcase time="0.503" classname="character(0)" name="ard_effectsize_cohens_d_works"/>
    <testcase time="0.000999999999999446" classname="character(0)" name="ard_effectsize_cohens_d_works"/>
    <testcase time="0.00100000000000033" classname="character(0)" name="ard_effectsize_cohens_d_works"/>
    <testcase time="0.000999999999999446" classname="character(0)" name="ard_effectsize_cohens_d_works"/>
  </testsuite>
  <testsuite name="ard_effectsize_cohens_d" timestamp="2026-04-13T22:24:33Z" hostname="9b8127fd4078" tests="3" skipped="0" failures="0" errors="0" time="0.005">
    <testcase time="0.00300000000000011" classname="character(0)" name="ard_effectsize_paired_cohens_d_works"/>
    <testcase time="0.00100000000000033" classname="character(0)" name="ard_effectsize_paired_cohens_d_works"/>
    <testcase time="0.00100000000000033" classname="character(0)" name="ard_effectsize_paired_cohens_d_works"/>
  </testsuite>
  <testsuite name="ard_effectsize_cohens_d" timestamp="2026-04-13T22:24:33Z" hostname="9b8127fd4078" tests="2" skipped="0" failures="0" errors="0" time="0.003">
    <testcase time="0.00299999999999923" classname="character(0)" name="ard_effectsize_cohens_d_follows_ard_structure"/>
    <testcase time="0" classname="character(0)" name="ard_effectsize_cohens_d_follows_ard_structure"/>
  </testsuite>
  <testsuite name="ard_effectsize_hedges_g" timestamp="2026-04-13T22:24:33Z" hostname="9b8127fd4078" tests="4" skipped="0" failures="0" errors="0" time="0.301">
    <testcase time="0.299" classname="character(0)" name="ard_effectsize_hedges_g_works"/>
    <testcase time="0.000999999999999446" classname="character(0)" name="ard_effectsize_hedges_g_works"/>
    <testcase time="0" classname="character(0)" name="ard_effectsize_hedges_g_works"/>
    <testcase time="0.00100000000000122" classname="character(0)" name="ard_effectsize_hedges_g_works"/>
  </testsuite>
  <testsuite name="ard_effectsize_hedges_g" timestamp="2026-04-13T22:24:33Z" hostname="9b8127fd4078" tests="3" skipped="0" failures="0" errors="0" time="0.004">
    <testcase time="0.00199999999999889" classname="character(0)" name="ard_effectsize_paired_hedges_g_works"/>
    <testcase time="0.00100000000000122" classname="character(0)" name="ard_effectsize_paired_hedges_g_works"/>
    <testcase time="0.000999999999999446" classname="character(0)" name="ard_effectsize_paired_hedges_g_works"/>
  </testsuite>
  <testsuite name="ard_effectsize_hedges_g" timestamp="2026-04-13T22:24:33Z" hostname="9b8127fd4078" tests="2" skipped="0" failures="0" errors="0" time="0.002">
    <testcase time="0.00200000000000067" classname="character(0)" name="ard_effectsize_cohens_d_follows_ard_structure"/>
    <testcase time="0" classname="character(0)" name="ard_effectsize_cohens_d_follows_ard_structure"/>
  </testsuite>
  <testsuite name="ard_emmeans_contrast" timestamp="2026-04-13T22:24:34Z" hostname="9b8127fd4078" tests="10" skipped="0" failures="0" errors="0" time="1.17">
    <testcase time="1.162" classname="character(0)" name="ard_emmeans_contrast_works"/>
    <testcase time="0.000999999999999446" classname="character(0)" name="ard_emmeans_contrast_works"/>
    <testcase time="0" classname="character(0)" name="ard_emmeans_contrast_works"/>
    <testcase time="0.00100000000000122" classname="character(0)" name="ard_emmeans_contrast_works"/>
    <testcase time="0" classname="character(0)" name="ard_emmeans_contrast_works"/>
    <testcase time="0.000999999999999446" classname="character(0)" name="ard_emmeans_contrast_works"/>
    <testcase time="0.000999999999999446" classname="character(0)" name="ard_emmeans_contrast_works"/>
    <testcase time="0" classname="character(0)" name="ard_emmeans_contrast_works"/>
    <testcase time="0.00100000000000122" classname="character(0)" name="ard_emmeans_contrast_works"/>
    <testcase time="0.00300000000000011" classname="character(0)" name="ard_emmeans_contrast_works"/>
  </testsuite>
  <testsuite name="ard_emmeans_contrast" timestamp="2026-04-13T22:24:34Z" hostname="9b8127fd4078" tests="1" skipped="0" failures="0" errors="0" time="0.002">
    <testcase time="0.00199999999999889" classname="character(0)" name="ard_emmeans_contrast_follows_ard_structure"/>
  </testsuite>
  <testsuite name="ard_emmeans_contrast" timestamp="2026-04-13T22:24:34Z" hostname="9b8127fd4078" tests="4" skipped="0" failures="0" errors="0" time="0.003">
    <testcase time="0.000999999999999446" classname="character(0)" name="ard_emmeans_contrast_errors_are_returned_correctly"/>
    <testcase time="0.00100000000000122" classname="character(0)" name="ard_emmeans_contrast_errors_are_returned_correctly"/>
    <testcase time="0.000999999999999446" classname="character(0)" name="ard_emmeans_contrast_errors_are_returned_correctly"/>
    <testcase time="0" classname="character(0)" name="ard_emmeans_contrast_errors_are_returned_correctly"/>
  </testsuite>
  <testsuite name="ard_incidence_rate" timestamp="2026-04-13T22:24:35Z" hostname="9b8127fd4078" tests="10" skipped="0" failures="0" errors="0" time="0.776">
    <testcase time="0.77" classname="character(0)" name="ard_incidence_rate_works"/>
    <testcase time="0.00100000000000122" classname="character(0)" name="ard_incidence_rate_works"/>
    <testcase time="0" classname="character(0)" name="ard_incidence_rate_works"/>
    <testcase time="0.000999999999999446" classname="character(0)" name="ard_incidence_rate_works"/>
    <testcase time="0.000999999999999446" classname="character(0)" name="ard_incidence_rate_works"/>
    <testcase time="0" classname="character(0)" name="ard_incidence_rate_works"/>
    <testcase time="0.00100000000000122" classname="character(0)" name="ard_incidence_rate_works"/>
    <testcase time="0" classname="character(0)" name="ard_incidence_rate_works"/>
    <testcase time="0.000999999999999446" classname="character(0)" name="ard_incidence_rate_works"/>
    <testcase time="0.000999999999999446" classname="character(0)" name="ard_incidence_rate_works"/>
  </testsuite>
  <testsuite name="ard_incidence_rate" timestamp="2026-04-13T22:24:35Z" hostname="9b8127fd4078" tests="6" skipped="0" failures="0" errors="0" time="0.004">
    <testcase time="0.00100000000000122" classname="character(0)" name="ard_incidence_rate_conf.type_works"/>
    <testcase time="0.000999999999999446" classname="character(0)" name="ard_incidence_rate_conf.type_works"/>
    <testcase time="0.000999999999999446" classname="character(0)" name="ard_incidence_rate_conf.type_works"/>
    <testcase time="0" classname="character(0)" name="ard_incidence_rate_conf.type_works"/>
    <testcase time="0.000999999999999446" classname="character(0)" name="ard_incidence_rate_conf.type_works"/>
    <testcase time="0" classname="character(0)" name="ard_incidence_rate_conf.type_works"/>
  </testsuite>
  <testsuite name="ard_incidence_rate" timestamp="2026-04-13T22:24:35Z" hostname="9b8127fd4078" tests="3" skipped="0" failures="0" errors="0" time="0.003">
    <testcase time="0.00200000000000067" classname="character(0)" name="ard_incidence_rate_errors_are_handled_correctly"/>
    <testcase time="0.000999999999999446" classname="character(0)" name="ard_incidence_rate_errors_are_handled_correctly"/>
    <testcase time="0" classname="character(0)" name="ard_incidence_rate_errors_are_handled_correctly"/>
  </testsuite>
  <testsuite name="ard_emmeans_emmeans" timestamp="2026-04-13T22:24:36Z" hostname="9b8127fd4078" tests="9" skipped="0" failures="0" errors="0" time="0.809">
    <testcase time="0.804" classname="character(0)" name="ard_emmeans_emmeans_works"/>
    <testcase time="0" classname="character(0)" name="ard_emmeans_emmeans_works"/>
    <testcase time="0.00100000000000122" classname="character(0)" name="ard_emmeans_emmeans_works"/>
    <testcase time="0.000999999999999446" classname="character(0)" name="ard_emmeans_emmeans_works"/>
    <testcase time="0" classname="character(0)" name="ard_emmeans_emmeans_works"/>
    <testcase time="0.000999999999999446" classname="character(0)" name="ard_emmeans_emmeans_works"/>
    <testcase time="0.00100000000000122" classname="character(0)" name="ard_emmeans_emmeans_works"/>
    <testcase time="0" classname="character(0)" name="ard_emmeans_emmeans_works"/>
    <testcase time="0.000999999999999446" classname="character(0)" name="ard_emmeans_emmeans_works"/>
  </testsuite>
  <testsuite name="ard_emmeans_emmeans" timestamp="2026-04-13T22:24:36Z" hostname="9b8127fd4078" tests="1" skipped="0" failures="0" errors="0" time="0.002">
    <testcase time="0.00199999999999889" classname="character(0)" name="ard_emmeans_emmeans_follows_ard_structure"/>
  </testsuite>
  <testsuite name="ard_emmeans_emmeans" timestamp="2026-04-13T22:24:36Z" hostname="9b8127fd4078" tests="4" skipped="0" failures="0" errors="0" time="0.003">
    <testcase time="0.00200000000000067" classname="character(0)" name="ard_emmeans_emmeans_errors_are_returned_correctly"/>
    <testcase time="0" classname="character(0)" name="ard_emmeans_emmeans_errors_are_returned_correctly"/>
    <testcase time="0.000999999999999446" classname="character(0)" name="ard_emmeans_emmeans_errors_are_returned_correctly"/>
    <testcase time="0" classname="character(0)" name="ard_emmeans_emmeans_errors_are_returned_correctly"/>
  </testsuite>
  <testsuite name="ard_proportion_ci" timestamp="2026-04-13T22:24:37Z" hostname="9b8127fd4078" tests="6" skipped="0" failures="0" errors="0" time="1.413">
    <testcase time="1.409" classname="character(0)" name="ard_categorical_ci_works"/>
    <testcase time="0.00100000000000122" classname="character(0)" name="ard_categorical_ci_works"/>
    <testcase time="0.000999999999999446" classname="character(0)" name="ard_categorical_ci_works"/>
    <testcase time="0" classname="character(0)" name="ard_categorical_ci_works"/>
    <testcase time="0.000999999999999446" classname="character(0)" name="ard_categorical_ci_works"/>
    <testcase time="0.00100000000000122" classname="character(0)" name="ard_categorical_ci_works"/>
  </testsuite>
  <testsuite name="ard_proportion_ci" timestamp="2026-04-13T22:24:37Z" hostname="9b8127fd4078" tests="4" skipped="0" failures="0" errors="0" time="0.003">
    <testcase time="0.00199999999999889" classname="character(0)" name="ard_categorical_ci_method_strat_wilson_works"/>
    <testcase time="0" classname="character(0)" name="ard_categorical_ci_method_strat_wilson_works"/>
    <testcase time="0.00100000000000122" classname="character(0)" name="ard_categorical_ci_method_strat_wilson_works"/>
    <testcase time="0" classname="character(0)" name="ard_categorical_ci_method_strat_wilson_works"/>
  </testsuite>
  <testsuite name="ard_proportion_ci" timestamp="2026-04-13T22:24:37Z" hostname="9b8127fd4078" tests="1" skipped="0" failures="0" errors="0" time="0.002">
    <testcase time="0.00199999999999889" classname="character(0)" name="ard_categorical_ci_messaging"/>
  </testsuite>
  <testsuite name="ard_proportion_ci" timestamp="2026-04-13T22:24:37Z" hostname="9b8127fd4078" tests="1" skipped="0" failures="0" errors="0" time="0.002">
    <testcase time="0.00200000000000067" classname="character(0)" name="ard_proportion_ci_follows_ard_structure"/>
  </testsuite>
  <testsuite name="ard_missing.survey.design" timestamp="2026-04-13T22:24:38Z" hostname="9b8127fd4078" tests="19" skipped="0" failures="0" errors="0" time="0.295">
    <testcase time="0.280999999999999" classname="character(0)" name="ard_missing.survey.design_works"/>
    <testcase time="0.00100000000000122" classname="character(0)" name="ard_missing.survey.design_works"/>
    <testcase time="0.000999999999999446" classname="character(0)" name="ard_missing.survey.design_works"/>
    <testcase time="0.000999999999999446" classname="character(0)" name="ard_missing.survey.design_works"/>
    <testcase time="0.00100000000000122" classname="character(0)" name="ard_missing.survey.design_works"/>
    <testcase time="0.000999999999999446" classname="character(0)" name="ard_missing.survey.design_works"/>
    <testcase time="0.00100000000000122" classname="character(0)" name="ard_missing.survey.design_works"/>
    <testcase time="0.000999999999999446" classname="character(0)" name="ard_missing.survey.design_works"/>
    <testcase time="0" classname="character(0)" name="ard_missing.survey.design_works"/>
    <testcase time="0.000999999999999446" classname="character(0)" name="ard_missing.survey.design_works"/>
    <testcase time="0" classname="character(0)" name="ard_missing.survey.design_works"/>
    <testcase time="0.00100000000000122" classname="character(0)" name="ard_missing.survey.design_works"/>
    <testcase time="0.000999999999999446" classname="character(0)" name="ard_missing.survey.design_works"/>
    <testcase time="0" classname="character(0)" name="ard_missing.survey.design_works"/>
    <testcase time="0.000999999999999446" classname="character(0)" name="ard_missing.survey.design_works"/>
    <testcase time="0.00100000000000122" classname="character(0)" name="ard_missing.survey.design_works"/>
    <testcase time="0" classname="character(0)" name="ard_missing.survey.design_works"/>
    <testcase time="0.000999999999999446" classname="character(0)" name="ard_missing.survey.design_works"/>
    <testcase time="0.000999999999999446" classname="character(0)" name="ard_missing.survey.design_works"/>
  </testsuite>
  <testsuite name="ard_missing.survey.design" timestamp="2026-04-13T22:24:38Z" hostname="9b8127fd4078" tests="1" skipped="0" failures="0" errors="0" time="0.002">
    <testcase time="0.00200000000000067" classname="character(0)" name="ard_missing.survey.design_follows_ard_structure"/>
  </testsuite>
  <testsuite name="ard_missing.survey.design" timestamp="2026-04-13T22:24:38Z" hostname="9b8127fd4078" tests="1" skipped="0" failures="0" errors="0" time="0.001">
    <testcase time="0.000999999999999446" classname="character(0)" name="ard_missing.survey.design_works_on_design_columns"/>
  </testsuite>
  <testsuite name="ard_regression_basic" timestamp="2026-04-13T22:24:39Z" hostname="9b8127fd4078" tests="3" skipped="0" failures="0" errors="0" time="1.244">
    <testcase time="1.243" classname="character(0)" name="ard_regression_basic_works"/>
    <testcase time="0.000999999999999446" classname="character(0)" name="ard_regression_basic_works"/>
    <testcase time="0" classname="character(0)" name="ard_regression_basic_works"/>
  </testsuite>
  <testsuite name="ard_regression_basic" timestamp="2026-04-13T22:24:39Z" hostname="9b8127fd4078" tests="1" skipped="0" failures="0" errors="0" time="0.002">
    <testcase time="0.00200000000000067" classname="character(0)" name="ard_regression_basic_does_not_produce_variable_level_column_where_not_applicable"/>
  </testsuite>
  <testsuite name="ard_regression_basic" timestamp="2026-04-13T22:24:39Z" hostname="9b8127fd4078" tests="1" skipped="0" failures="0" errors="0" time="0.002">
    <testcase time="0.00199999999999889" classname="character(0)" name="ard_regression_basic_follows_ard_structure"/>
  </testsuite>
  <testsuite name="ard_smd_smd" timestamp="2026-04-13T22:24:39Z" hostname="9b8127fd4078" tests="3" skipped="0" failures="0" errors="0" time="0.421">
    <testcase time="0.419" classname="character(0)" name="ard_smd_smd_works"/>
    <testcase time="0.000999999999999446" classname="character(0)" name="ard_smd_smd_works"/>
    <testcase time="0.00100000000000122" classname="character(0)" name="ard_smd_smd_works"/>
  </testsuite>
  <testsuite name="ard_smd_smd" timestamp="2026-04-13T22:24:39Z" hostname="9b8127fd4078" tests="2" skipped="0" failures="0" errors="0" time="0.002">
    <testcase time="0.000999999999999446" classname="character(0)" name="ard_smd_works_with_survey_data"/>
    <testcase time="0.000999999999999446" classname="character(0)" name="ard_smd_works_with_survey_data"/>
  </testsuite>
  <testsuite name="ard_smd_smd" timestamp="2026-04-13T22:24:39Z" hostname="9b8127fd4078" tests="4" skipped="0" failures="0" errors="0" time="0.006">
    <testcase time="0.00200000000000067" classname="character(0)" name="ard_smd_smd_error_messaging"/>
    <testcase time="0" classname="character(0)" name="ard_smd_smd_error_messaging"/>
    <testcase time="0.00399999999999956" classname="character(0)" name="ard_smd_smd_error_messaging"/>
    <testcase time="0" classname="character(0)" name="ard_smd_smd_error_messaging"/>
  </testsuite>
  <testsuite name="ard_smd_smd" timestamp="2026-04-13T22:24:39Z" hostname="9b8127fd4078" tests="1" skipped="0" failures="0" errors="0" time="0.002">
    <testcase time="0.00200000000000067" classname="character(0)" name="ard_smd_smd_follows_ard_structure"/>
  </testsuite>
  <testsuite name="ard_stats_anova" timestamp="2026-04-13T22:24:41Z" hostname="9b8127fd4078" tests="1" skipped="0" failures="0" errors="0" time="1.544">
    <testcase time="1.544" classname="character(0)" name="ard_stats_anova.anova_works"/>
  </testsuite>
  <testsuite name="ard_stats_anova" timestamp="2026-04-13T22:24:41Z" hostname="9b8127fd4078" tests="7" skipped="0" failures="0" errors="0" time="0.006">
    <testcase time="0.00199999999999889" classname="character(0)" name="ard_stats_anova.data.frame_works"/>
    <testcase time="0.00100000000000122" classname="character(0)" name="ard_stats_anova.data.frame_works"/>
    <testcase time="0" classname="character(0)" name="ard_stats_anova.data.frame_works"/>
    <testcase time="0.000999999999999446" classname="character(0)" name="ard_stats_anova.data.frame_works"/>
    <testcase time="0.000999999999999446" classname="character(0)" name="ard_stats_anova.data.frame_works"/>
    <testcase time="0" classname="character(0)" name="ard_stats_anova.data.frame_works"/>
    <testcase time="0.00100000000000122" classname="character(0)" name="ard_stats_anova.data.frame_works"/>
  </testsuite>
  <testsuite name="ard_stats_anova" timestamp="2026-04-13T22:24:41Z" hostname="9b8127fd4078" tests="1" skipped="0" failures="0" errors="0" time="0.002">
    <testcase time="0.00199999999999889" classname="character(0)" name="ard_stats_anova.data.frame_error_messaging"/>
  </testsuite>
  <testsuite name="ard_stats_anova" timestamp="2026-04-13T22:24:41Z" hostname="9b8127fd4078" tests="1" skipped="0" failures="0" errors="0" time="0.001">
    <testcase time="0.000999999999999446" classname="character(0)" name="ard_stats_anova_follows_ard_structure"/>
  </testsuite>
  <testsuite name="ard_stats_aov" timestamp="2026-04-13T22:24:41Z" hostname="9b8127fd4078" tests="3" skipped="0" failures="0" errors="0" time="0.224">
    <testcase time="0.222" classname="character(0)" name="ard_aov_works"/>
    <testcase time="0.00100000000000122" classname="character(0)" name="ard_aov_works"/>
    <testcase time="0.00100000000000122" classname="character(0)" name="ard_aov_works"/>
  </testsuite>
  <testsuite name="ard_stats_aov" timestamp="2026-04-13T22:24:41Z" hostname="9b8127fd4078" tests="1" skipped="0" failures="0" errors="0" time="0.002">
    <testcase time="0.00199999999999889" classname="character(0)" name="ard_stats_aov_follows_ard_structure"/>
  </testsuite>
  <testsuite name="ard_stats_chisq_test" timestamp="2026-04-13T22:24:41Z" hostname="9b8127fd4078" tests="3" skipped="0" failures="0" errors="0" time="0.228">
    <testcase time="0.227" classname="character(0)" name="ard_stats_chisq_test_works"/>
    <testcase time="0" classname="character(0)" name="ard_stats_chisq_test_works"/>
    <testcase time="0.00100000000000122" classname="character(0)" name="ard_stats_chisq_test_works"/>
  </testsuite>
  <testsuite name="ard_stats_chisq_test" timestamp="2026-04-13T22:24:41Z" hostname="9b8127fd4078" tests="1" skipped="0" failures="0" errors="0" time="0.002">
    <testcase time="0.00199999999999889" classname="character(0)" name="ard_stats_chisq_test_follows_ard_structure"/>
  </testsuite>
  <testsuite name="ard_regression" timestamp="2026-04-13T22:24:41Z" hostname="9b8127fd4078" tests="4" skipped="0" failures="0" errors="0" time="0.01">
    <testcase time="0.0069999999999979" classname="character(0)" name="ard_regression_works"/>
    <testcase time="0.00100000000000122" classname="character(0)" name="ard_regression_works"/>
    <testcase time="0.00100000000000122" classname="character(0)" name="ard_regression_works"/>
    <testcase time="0.000999999999997669" classname="character(0)" name="ard_regression_works"/>
  </testsuite>
  <testsuite name="ard_regression" timestamp="2026-04-13T22:24:41Z" hostname="9b8127fd4078" tests="1" skipped="0" failures="0" errors="0" time="0.003">
    <testcase time="0.00300000000000011" classname="character(0)" name="ard_regression_works_specifying_custom_tidier"/>
  </testsuite>
  <testsuite name="ard_regression" timestamp="2026-04-13T22:24:41Z" hostname="9b8127fd4078" tests="1" skipped="0" failures="0" errors="0" time="0.003">
    <testcase time="0.00300000000000011" classname="character(0)" name="ard_regression_does_not_produce_variable_level_column_where_not_applicable"/>
  </testsuite>
  <testsuite name="ard_regression" timestamp="2026-04-13T22:24:41Z" hostname="9b8127fd4078" tests="2" skipped="0" failures="0" errors="0" time="0.003">
    <testcase time="0.00200000000000244" classname="character(0)" name="ard_regression_warnings_and_errors_return_correctly"/>
    <testcase time="0.000999999999997669" classname="character(0)" name="ard_regression_warnings_and_errors_return_correctly"/>
  </testsuite>
  <testsuite name="ard_regression" timestamp="2026-04-13T22:24:41Z" hostname="9b8127fd4078" tests="1" skipped="0" failures="0" errors="0" time="0.003">
    <testcase time="0.00300000000000011" classname="character(0)" name="ard_regression_follows_ard_structure"/>
  </testsuite>
  <testsuite name="ard_stats_fisher_test" timestamp="2026-04-13T22:24:42Z" hostname="9b8127fd4078" tests="3" skipped="0" failures="0" errors="0" time="0.205">
    <testcase time="0.202999999999999" classname="character(0)" name="ard_stats_fisher_test_works"/>
    <testcase time="0.00100000000000122" classname="character(0)" name="ard_stats_fisher_test_works"/>
    <testcase time="0.00100000000000122" classname="character(0)" name="ard_stats_fisher_test_works"/>
  </testsuite>
  <testsuite name="ard_stats_fisher_test" timestamp="2026-04-13T22:24:42Z" hostname="9b8127fd4078" tests="1" skipped="0" failures="0" errors="0" time="0.003">
    <testcase time="0.00300000000000011" classname="character(0)" name="ard_stats_fisher_test_follows_ard_structure"/>
  </testsuite>
  <testsuite name="ard_stats_kruskal_test" timestamp="2026-04-13T22:24:42Z" hostname="9b8127fd4078" tests="4" skipped="0" failures="0" errors="0" time="0.087">
    <testcase time="0.0839999999999996" classname="character(0)" name="ard_stats_kruskal_test_works"/>
    <testcase time="0.00100000000000122" classname="character(0)" name="ard_stats_kruskal_test_works"/>
    <testcase time="0.00100000000000122" classname="character(0)" name="ard_stats_kruskal_test_works"/>
    <testcase time="0.000999999999997669" classname="character(0)" name="ard_stats_kruskal_test_works"/>
  </testsuite>
  <testsuite name="ard_stats_kruskal_test" timestamp="2026-04-13T22:24:42Z" hostname="9b8127fd4078" tests="1" skipped="0" failures="0" errors="0" time="0.003">
    <testcase time="0.00300000000000011" classname="character(0)" name="ard_stats_kruskal_test_follows_ard_structure"/>
  </testsuite>
  <testsuite name="ard_stats_mantelhaen_test" timestamp="2026-04-13T22:24:42Z" hostname="9b8127fd4078" tests="5" skipped="0" failures="0" errors="0" time="0.228">
    <testcase time="0.226000000000003" classname="character(0)" name="ard_stats_mantelhaen_test_works"/>
    <testcase time="0" classname="character(0)" name="ard_stats_mantelhaen_test_works"/>
    <testcase time="0.000999999999997669" classname="character(0)" name="ard_stats_mantelhaen_test_works"/>
    <testcase time="0" classname="character(0)" name="ard_stats_mantelhaen_test_works"/>
    <testcase time="0.00100000000000122" classname="character(0)" name="ard_stats_mantelhaen_test_works"/>
  </testsuite>
  <testsuite name="ard_stats_mantelhaen_test" timestamp="2026-04-13T22:24:42Z" hostname="9b8127fd4078" tests="3" skipped="0" failures="0" errors="0" time="0.003">
    <testcase time="0.00199999999999889" classname="character(0)" name="ard_stats_mantelhaen_test_displays_errors_correctly"/>
    <testcase time="0.00100000000000122" classname="character(0)" name="ard_stats_mantelhaen_test_displays_errors_correctly"/>
    <testcase time="0" classname="character(0)" name="ard_stats_mantelhaen_test_displays_errors_correctly"/>
  </testsuite>
  <testsuite name="ard_stats_mcnemar_test" timestamp="2026-04-13T22:24:42Z" hostname="9b8127fd4078" tests="7" skipped="0" failures="0" errors="0" time="0.22">
    <testcase time="0.213000000000001" classname="character(0)" name="ard_stats_mcnemar_test_works"/>
    <testcase time="0.000999999999997669" classname="character(0)" name="ard_stats_mcnemar_test_works"/>
    <testcase time="0.00100000000000122" classname="character(0)" name="ard_stats_mcnemar_test_works"/>
    <testcase time="0.00100000000000122" classname="character(0)" name="ard_stats_mcnemar_test_works"/>
    <testcase time="0.000999999999997669" classname="character(0)" name="ard_stats_mcnemar_test_works"/>
    <testcase time="0.00100000000000122" classname="character(0)" name="ard_stats_mcnemar_test_works"/>
    <testcase time="0.00199999999999889" classname="character(0)" name="ard_stats_mcnemar_test_works"/>
  </testsuite>
  <testsuite name="ard_stats_mcnemar_test" timestamp="2026-04-13T22:24:42Z" hostname="9b8127fd4078" tests="1" skipped="0" failures="0" errors="0" time="0.003">
    <testcase time="0.00300000000000011" classname="character(0)" name="ard_stats_mcnemar_test_follows_ard_structure"/>
  </testsuite>
  <testsuite name="ard_stats_mood_test" timestamp="2026-04-13T22:24:42Z" hostname="9b8127fd4078" tests="4" skipped="0" failures="0" errors="0" time="0.093">
    <testcase time="0.0899999999999999" classname="character(0)" name="ard_stats_mood_test_works"/>
    <testcase time="0.00100000000000122" classname="character(0)" name="ard_stats_mood_test_works"/>
    <testcase time="0.00100000000000122" classname="character(0)" name="ard_stats_mood_test_works"/>
    <testcase time="0.000999999999997669" classname="character(0)" name="ard_stats_mood_test_works"/>
  </testsuite>
  <testsuite name="ard_stats_mood_test" timestamp="2026-04-13T22:24:42Z" hostname="9b8127fd4078" tests="1" skipped="0" failures="0" errors="0" time="0.004">
    <testcase time="0.00400000000000134" classname="character(0)" name="ard_stats_mood_test_follows_ard_structure"/>
  </testsuite>
  <testsuite name="ard_stats_oneway_test" timestamp="2026-04-13T22:24:42Z" hostname="9b8127fd4078" tests="3" skipped="0" failures="0" errors="0" time="0.185">
    <testcase time="0.183" classname="character(0)" name="ard_stats_oneway_test_works"/>
    <testcase time="0.00100000000000122" classname="character(0)" name="ard_stats_oneway_test_works"/>
    <testcase time="0.000999999999997669" classname="character(0)" name="ard_stats_oneway_test_works"/>
  </testsuite>
  <testsuite name="ard_stats_oneway_test" timestamp="2026-04-13T22:24:42Z" hostname="9b8127fd4078" tests="1" skipped="0" failures="0" errors="0" time="0.002">
    <testcase time="0.00200000000000244" classname="character(0)" name="ard_stats_oneway_test_follows_ard_structure"/>
  </testsuite>
  <testsuite name="ard_stats_poisson_test" timestamp="2026-04-13T22:24:43Z" hostname="9b8127fd4078" tests="3" skipped="0" failures="0" errors="0" time="0.13">
    <testcase time="0.128" classname="character(0)" name="ard_stats_poisson_test_works_for_one_sample_tests"/>
    <testcase time="0.000999999999997669" classname="character(0)" name="ard_stats_poisson_test_works_for_one_sample_tests"/>
    <testcase time="0.00100000000000122" classname="character(0)" name="ard_stats_poisson_test_works_for_one_sample_tests"/>
  </testsuite>
  <testsuite name="ard_stats_poisson_test" timestamp="2026-04-13T22:24:43Z" hostname="9b8127fd4078" tests="2" skipped="0" failures="0" errors="0" time="0.005">
    <testcase time="0.00399999999999778" classname="character(0)" name="ard_stats_poisson_test_works_for_two_sample_tests"/>
    <testcase time="0.00100000000000122" classname="character(0)" name="ard_stats_poisson_test_works_for_two_sample_tests"/>
  </testsuite>
  <testsuite name="ard_stats_poisson_test" timestamp="2026-04-13T22:24:43Z" hostname="9b8127fd4078" tests="1" skipped="0" failures="0" errors="0" time="0.003">
    <testcase time="0.00300000000000011" classname="character(0)" name="ard_stats_poisson_test_errors_are_handled_correctly"/>
  </testsuite>
  <testsuite name="ard_stats_poisson_test" timestamp="2026-04-13T22:24:43Z" hostname="9b8127fd4078" tests="1" skipped="0" failures="0" errors="0" time="0.002">
    <testcase time="0.00199999999999889" classname="character(0)" name="ard_stats_poisson_test_follows_ard_structure"/>
  </testsuite>
  <testsuite name="ard_stats_prop_test" timestamp="2026-04-13T22:24:43Z" hostname="9b8127fd4078" tests="3" skipped="0" failures="0" errors="0" time="0.401">
    <testcase time="0.399000000000001" classname="character(0)" name="ard_stats_prop_test_works"/>
    <testcase time="0.00100000000000122" classname="character(0)" name="ard_stats_prop_test_works"/>
    <testcase time="0.000999999999997669" classname="character(0)" name="ard_stats_prop_test_works"/>
  </testsuite>
  <testsuite name="ard_stats_prop_test" timestamp="2026-04-13T22:24:43Z" hostname="9b8127fd4078" tests="8" skipped="0" failures="0" errors="0" time="0.009">
    <testcase time="0.00300000000000011" classname="character(0)" name="ard_stats_prop_test_error_messaging"/>
    <testcase time="0.00100000000000122" classname="character(0)" name="ard_stats_prop_test_error_messaging"/>
    <testcase time="0.00199999999999889" classname="character(0)" name="ard_stats_prop_test_error_messaging"/>
    <testcase time="0.00100000000000122" classname="character(0)" name="ard_stats_prop_test_error_messaging"/>
    <testcase time="0" classname="character(0)" name="ard_stats_prop_test_error_messaging"/>
    <testcase time="0.00100000000000122" classname="character(0)" name="ard_stats_prop_test_error_messaging"/>
    <testcase time="0.000999999999997669" classname="character(0)" name="ard_stats_prop_test_error_messaging"/>
    <testcase time="0" classname="character(0)" name="ard_stats_prop_test_error_messaging"/>
  </testsuite>
  <testsuite name="ard_stats_prop_test" timestamp="2026-04-13T22:24:43Z" hostname="9b8127fd4078" tests="1" skipped="0" failures="0" errors="0" time="0.002">
    <testcase time="0.00200000000000244" classname="character(0)" name="ard_stats_prop_test_follows_ard_structure"/>
  </testsuite>
  <testsuite name="ard_stats_t_test" timestamp="2026-04-13T22:24:43Z" hostname="9b8127fd4078" tests="6" skipped="0" failures="0" errors="0" time="0.068">
    <testcase time="0.0619999999999976" classname="character(0)" name="ard_stats_t_test_works"/>
    <testcase time="0.00100000000000122" classname="character(0)" name="ard_stats_t_test_works"/>
    <testcase time="0.00199999999999889" classname="character(0)" name="ard_stats_t_test_works"/>
    <testcase time="0.00100000000000122" classname="character(0)" name="ard_stats_t_test_works"/>
    <testcase time="0.00100000000000122" classname="character(0)" name="ard_stats_t_test_works"/>
    <testcase time="0.000999999999997669" classname="character(0)" name="ard_stats_t_test_works"/>
  </testsuite>
  <testsuite name="ard_stats_t_test" timestamp="2026-04-13T22:24:43Z" hostname="9b8127fd4078" tests="3" skipped="0" failures="0" errors="0" time="0.005">
    <testcase time="0.00300000000000011" classname="character(0)" name="ard_stats_paired_t_test_works"/>
    <testcase time="0.00100000000000122" classname="character(0)" name="ard_stats_paired_t_test_works"/>
    <testcase time="0.00100000000000122" classname="character(0)" name="ard_stats_paired_t_test_works"/>
  </testsuite>
  <testsuite name="ard_stats_t_test" timestamp="2026-04-13T22:24:43Z" hostname="9b8127fd4078" tests="1" skipped="0" failures="0" errors="0" time="0.003">
    <testcase time="0.00300000000000011" classname="character(0)" name="ard_stats_t_test_follows_ard_structure"/>
  </testsuite>
  <testsuite name="ard_stats_t_test_onesample" timestamp="2026-04-13T22:24:43Z" hostname="9b8127fd4078" tests="5" skipped="0" failures="0" errors="0" time="0.373">
    <testcase time="0.369" classname="character(0)" name="ard_stats_t_test_onesample_works"/>
    <testcase time="0.000999999999997669" classname="character(0)" name="ard_stats_t_test_onesample_works"/>
    <testcase time="0.00100000000000122" classname="character(0)" name="ard_stats_t_test_onesample_works"/>
    <testcase time="0.00100000000000122" classname="character(0)" name="ard_stats_t_test_onesample_works"/>
    <testcase time="0.000999999999997669" classname="character(0)" name="ard_stats_t_test_onesample_works"/>
  </testsuite>
  <testsuite name="ard_stats_t_test_onesample" timestamp="2026-04-13T22:24:43Z" hostname="9b8127fd4078" tests="1" skipped="0" failures="0" errors="0" time="0.003">
    <testcase time="0.00300000000000011" classname="character(0)" name="ard_stats_t_test_onesample_follows_ard_structure"/>
  </testsuite>
  <testsuite name="ard_stats_wilcox_test" timestamp="2026-04-13T22:24:44Z" hostname="9b8127fd4078" tests="6" skipped="0" failures="0" errors="0" time="0.264">
    <testcase time="0.259" classname="character(0)" name="ard_stats_wilcox_test_works"/>
    <testcase time="0.00100000000000122" classname="character(0)" name="ard_stats_wilcox_test_works"/>
    <testcase time="0.000999999999997669" classname="character(0)" name="ard_stats_wilcox_test_works"/>
    <testcase time="0.00100000000000122" classname="character(0)" name="ard_stats_wilcox_test_works"/>
    <testcase time="0.00100000000000122" classname="character(0)" name="ard_stats_wilcox_test_works"/>
    <testcase time="0.000999999999997669" classname="character(0)" name="ard_stats_wilcox_test_works"/>
  </testsuite>
  <testsuite name="ard_stats_wilcox_test" timestamp="2026-04-13T22:24:44Z" hostname="9b8127fd4078" tests="3" skipped="0" failures="0" errors="0" time="0.005">
    <testcase time="0.00400000000000134" classname="character(0)" name="ard_stats_paired_wilcox_test_works"/>
    <testcase time="0.00100000000000122" classname="character(0)" name="ard_stats_paired_wilcox_test_works"/>
    <testcase time="0" classname="character(0)" name="ard_stats_paired_wilcox_test_works"/>
  </testsuite>
  <testsuite name="ard_stats_wilcox_test" timestamp="2026-04-13T22:24:44Z" hostname="9b8127fd4078" tests="1" skipped="0" failures="0" errors="0" time="0.002">
    <testcase time="0.00199999999999889" classname="character(0)" name="ard_stats_wilcox_test_follows_ard_structure"/>
  </testsuite>
  <testsuite name="ard_stats_wilcox_test_onesample" timestamp="2026-04-13T22:24:44Z" hostname="9b8127fd4078" tests="5" skipped="0" failures="0" errors="0" time="0.268">
    <testcase time="0.263999999999999" classname="character(0)" name="ard_stats_wilcox_test_onesample_works"/>
    <testcase time="0.00100000000000122" classname="character(0)" name="ard_stats_wilcox_test_onesample_works"/>
    <testcase time="0.000999999999997669" classname="character(0)" name="ard_stats_wilcox_test_onesample_works"/>
    <testcase time="0.00100000000000122" classname="character(0)" name="ard_stats_wilcox_test_onesample_works"/>
    <testcase time="0.00100000000000122" classname="character(0)" name="ard_stats_wilcox_test_onesample_works"/>
  </testsuite>
  <testsuite name="ard_stats_wilcox_test_onesample" timestamp="2026-04-13T22:24:44Z" hostname="9b8127fd4078" tests="1" skipped="0" failures="0" errors="0" time="0.003">
    <testcase time="0.00300000000000011" classname="character(0)" name="ard_stats_wilcox_test_onesample_follows_ard_structure"/>
  </testsuite>
  <testsuite name="ard_survey_svychisq" timestamp="2026-04-13T22:24:45Z" hostname="9b8127fd4078" tests="5" skipped="0" failures="0" errors="0" time="0.581">
    <testcase time="0.577999999999999" classname="character(0)" name="ard_survey_svychisq_works"/>
    <testcase time="0.00100000000000122" classname="character(0)" name="ard_survey_svychisq_works"/>
    <testcase time="0" classname="character(0)" name="ard_survey_svychisq_works"/>
    <testcase time="0.000999999999997669" classname="character(0)" name="ard_survey_svychisq_works"/>
    <testcase time="0.00100000000000122" classname="character(0)" name="ard_survey_svychisq_works"/>
  </testsuite>
  <testsuite name="ard_survey_svychisq" timestamp="2026-04-13T22:24:45Z" hostname="9b8127fd4078" tests="1" skipped="0" failures="0" errors="0" time="0.002">
    <testcase time="0.00199999999999889" classname="character(0)" name="ard_survey_svychisq_follows_ard_structure"/>
  </testsuite>
  <testsuite name="ard_survey_svyranktest" timestamp="2026-04-13T22:24:45Z" hostname="9b8127fd4078" tests="4" skipped="0" failures="0" errors="0" time="0.566">
    <testcase time="0.564" classname="character(0)" name="ard_survey_svyranktest_works"/>
    <testcase time="0.00100000000000122" classname="character(0)" name="ard_survey_svyranktest_works"/>
    <testcase time="0" classname="character(0)" name="ard_survey_svyranktest_works"/>
    <testcase time="0.00100000000000122" classname="character(0)" name="ard_survey_svyranktest_works"/>
  </testsuite>
  <testsuite name="ard_survey_svyranktest" timestamp="2026-04-13T22:24:45Z" hostname="9b8127fd4078" tests="1" skipped="0" failures="0" errors="0" time="0.002">
    <testcase time="0.00199999999999889" classname="character(0)" name="exact_values_match_for_ard_svyranktest_works"/>
  </testsuite>
  <testsuite name="ard_survey_svyranktest" timestamp="2026-04-13T22:24:45Z" hostname="9b8127fd4078" tests="1" skipped="0" failures="0" errors="0" time="0.002">
    <testcase time="0.00199999999999889" classname="character(0)" name="ard_survey_svyranktest_follows_ard_structure"/>
  </testsuite>
  <testsuite name="ard_survey_svyttest" timestamp="2026-04-13T22:24:46Z" hostname="9b8127fd4078" tests="4" skipped="0" failures="0" errors="0" time="0.502">
    <testcase time="0.5" classname="character(0)" name="ard_survey_svyttest_works"/>
    <testcase time="0.00100000000000122" classname="character(0)" name="ard_survey_svyttest_works"/>
    <testcase time="0" classname="character(0)" name="ard_survey_svyttest_works"/>
    <testcase time="0.000999999999997669" classname="character(0)" name="ard_survey_svyttest_works"/>
  </testsuite>
  <testsuite name="ard_survey_svyttest" timestamp="2026-04-13T22:24:46Z" hostname="9b8127fd4078" tests="2" skipped="0" failures="0" errors="0" time="0.003">
    <testcase time="0.00200000000000244" classname="character(0)" name="ard_survey_svyttest_messaging"/>
    <testcase time="0.000999999999997669" classname="character(0)" name="ard_survey_svyttest_messaging"/>
  </testsuite>
  <testsuite name="ard_survey_svyttest" timestamp="2026-04-13T22:24:46Z" hostname="9b8127fd4078" tests="1" skipped="0" failures="0" errors="0" time="0.002">
    <testcase time="0.00200000000000244" classname="character(0)" name="ard_survey_svyttest_follows_ard_structure"/>
  </testsuite>
  <testsuite name="ard_survival_survdiff" timestamp="2026-04-13T22:24:46Z" hostname="9b8127fd4078" tests="6" skipped="0" failures="0" errors="0" time="0.283">
    <testcase time="0.276999999999997" classname="character(0)" name="ard_survival_survdiff_works"/>
    <testcase time="0" classname="character(0)" name="ard_survival_survdiff_works"/>
    <testcase time="0.00100000000000122" classname="character(0)" name="ard_survival_survdiff_works"/>
    <testcase time="0.00100000000000122" classname="character(0)" name="ard_survival_survdiff_works"/>
    <testcase time="0.00300000000000011" classname="character(0)" name="ard_survival_survdiff_works"/>
    <testcase time="0.000999999999997669" classname="character(0)" name="ard_survival_survdiff_works"/>
  </testsuite>
  <testsuite name="ard_survival_survdiff" timestamp="2026-04-13T22:24:46Z" hostname="9b8127fd4078" tests="4" skipped="0" failures="0" errors="0" time="0.004">
    <testcase time="0.00200000000000244" classname="character(0)" name="ard_survival_survdiff_error_messaging"/>
    <testcase time="0.000999999999997669" classname="character(0)" name="ard_survival_survdiff_error_messaging"/>
    <testcase time="0.00100000000000122" classname="character(0)" name="ard_survival_survdiff_error_messaging"/>
    <testcase time="0" classname="character(0)" name="ard_survival_survdiff_error_messaging"/>
  </testsuite>
  <testsuite name="ard_survival_survdiff" timestamp="2026-04-13T22:24:46Z" hostname="9b8127fd4078" tests="1" skipped="0" failures="0" errors="0" time="0.002">
    <testcase time="0.00199999999999889" classname="character(0)" name="ard_survival_survdiff_follows_ard_structure"/>
  </testsuite>
  <testsuite name="ard_survival_survfit" timestamp="2026-04-13T22:24:50Z" hostname="9b8127fd4078" tests="1" skipped="0" failures="0" errors="0" time="3.945">
    <testcase time="3.945" classname="character(0)" name="ard_survival_survfit_works_with_times_provided"/>
  </testsuite>
  <testsuite name="ard_survival_survfit" timestamp="2026-04-13T22:24:50Z" hostname="9b8127fd4078" tests="1" skipped="0" failures="0" errors="0" time="0.002">
    <testcase time="0.00199999999999889" classname="character(0)" name="ard_survival_survfit_works_with_different_type"/>
  </testsuite>
  <testsuite name="ard_survival_survfit" timestamp="2026-04-13T22:24:50Z" hostname="9b8127fd4078" tests="1" skipped="0" failures="0" errors="0" time="0.002">
    <testcase time="0.00200000000000244" classname="character(0)" name="ard_survival_survfit_works_with_probs_provided"/>
  </testsuite>
  <testsuite name="ard_survival_survfit" timestamp="2026-04-13T22:24:50Z" hostname="9b8127fd4078" tests="2" skipped="0" failures="0" errors="0" time="0.006">
    <testcase time="0.00499999999999901" classname="character(0)" name="ard_survival_survfit_works_with_unstratified_model"/>
    <testcase time="0.000999999999997669" classname="character(0)" name="ard_survival_survfit_works_with_unstratified_model"/>
  </testsuite>
  <testsuite name="ard_survival_survfit" timestamp="2026-04-13T22:24:50Z" hostname="9b8127fd4078" tests="2" skipped="0" failures="0" errors="0" time="0.002">
    <testcase time="0.00200000000000244" classname="character(0)" name="ard_survival_survfit_works_with_multiple_stratification_variables"/>
    <testcase time="0" classname="character(0)" name="ard_survival_survfit_works_with_multiple_stratification_variables"/>
  </testsuite>
  <testsuite name="ard_survival_survfit" timestamp="2026-04-13T22:24:50Z" hostname="9b8127fd4078" tests="2" skipped="0" failures="0" errors="0" time="0.002">
    <testcase time="0.00200000000000244" classname="character(0)" name="ard_survival_survfit_works_with_competing_risks"/>
    <testcase time="0" classname="character(0)" name="ard_survival_survfit_works_with_competing_risks"/>
  </testsuite>
  <testsuite name="ard_survival_survfit" timestamp="2026-04-13T22:24:50Z" hostname="9b8127fd4078" tests="8" skipped="0" failures="0" errors="0" time="0.005">
    <testcase time="0.00199999999999889" classname="character(0)" name="ard_survival_survfit_errors_are_properly_handled"/>
    <testcase time="0.00100000000000122" classname="character(0)" name="ard_survival_survfit_errors_are_properly_handled"/>
    <testcase time="0" classname="character(0)" name="ard_survival_survfit_errors_are_properly_handled"/>
    <testcase time="0" classname="character(0)" name="ard_survival_survfit_errors_are_properly_handled"/>
    <testcase time="0.00100000000000122" classname="character(0)" name="ard_survival_survfit_errors_are_properly_handled"/>
    <testcase time="0" classname="character(0)" name="ard_survival_survfit_errors_are_properly_handled"/>
    <testcase time="0.00100000000000122" classname="character(0)" name="ard_survival_survfit_errors_are_properly_handled"/>
    <testcase time="0" classname="character(0)" name="ard_survival_survfit_errors_are_properly_handled"/>
  </testsuite>
  <testsuite name="ard_survival_survfit" timestamp="2026-04-13T22:24:50Z" hostname="9b8127fd4078" tests="1" skipped="0" failures="1" errors="0" time="0.015">
    <testcase time="0.0150000000000006" classname="character(0)" name="ard_survival_survfit_works_with_non_syntactic_names">
      <failure type="failure" message="Expected `dplyr::mutate(...)` to equal `dplyr::mutate(...)`. ('test-ard_survival_survfit.R:177:3')">Expected `dplyr::mutate(...)` to equal `dplyr::mutate(...)`.
Differences:
     actual$group1 | expected$group1     
 [1] "factor(sex)" - "sex"           [1] 
 [2] "factor(sex)" - "sex"           [2] 
 [3] "factor(sex)" - "sex"           [3] 
 [4] "factor(sex)" - "sex"           [4] 
 [5] "factor(sex)" - "sex"           [5] 
 [6] "factor(sex)" - "sex"           [6] 
 [7] "factor(sex)" - "sex"           [7] 
 [8] "factor(sex)" - "sex"           [8] 
 [9] "factor(sex)" - "sex"           [9] 
[10] "factor(sex)" - "sex"           [10]
[11] "factor(sex)" - "sex"           [11]
[12] "factor(sex)" - "sex"           [12]
[13] "factor(sex)" - "sex"           [13]
[14] "factor(sex)" - "sex"           [14]
[15] "factor(sex)" - "sex"           [15]
[16] "factor(sex)" - "sex"           [16]
[17] "factor(sex)" - "sex"           [17]
[18] "factor(sex)" - "sex"           [18]
[19] "factor(sex)" - "sex"           [19]
[20] "factor(sex)" - "sex"           [20]
[21] "factor(sex)" - "sex"           [21]
[22] "factor(sex)" - "sex"           [22]
[23] "factor(sex)" - "sex"           [23]
[24] "factor(sex)" - "sex"           [24]
[25] "factor(sex)" - "sex"           [25]
[26] "factor(sex)" - "sex"           [26]
[27] "factor(sex)" - "sex"           [27]
[28] "factor(sex)" - "sex"           [28]
[29] "factor(sex)" - "sex"           [29]
[30] "factor(sex)" - "sex"           [30]
[31] "factor(sex)" - "sex"           [31]
[32] "factor(sex)" - "sex"           [32]
[33] "factor(sex)" - "sex"           [33]
[34] "factor(sex)" - "sex"           [34]
[35] "factor(sex)" - "sex"           [35]
[36] "factor(sex)" - "sex"           [36]
[37] "factor(sex)" - "sex"           [37]
[38] "factor(sex)" - "sex"           [38]
[39] "factor(sex)" - "sex"           [39]
[40] "factor(sex)" - "sex"           [40]
[41] "factor(sex)" - "sex"           [41]
[42] "factor(sex)" - "sex"           [42]
[43] "factor(sex)" - "sex"           [43]
[44] "factor(sex)" - "sex"           [44]
[45] "factor(sex)" - "sex"           [45]
[46] "factor(sex)" - "sex"           [46]
[47] "factor(sex)" - "sex"           [47]
[48] "factor(sex)" - "sex"           [48]
[49] "factor(sex)" - "sex"           [49]
[50] "factor(sex)" - "sex"           [50]
[51] "factor(sex)" - "sex"           [51]
[52] "factor(sex)" - "sex"           [52]
[53] "factor(sex)" - "sex"           [53]
[54] "factor(sex)" - "sex"           [54]
[55] "factor(sex)" - "sex"           [55]
[56] "factor(sex)" - "sex"           [56]
[57] "factor(sex)" - "sex"           [57]
[58] "factor(sex)" - "sex"           [58]
[59] "factor(sex)" - "sex"           [59]
[60] "factor(sex)" - "sex"           [60]
[61] "factor(sex)" - "sex"           [61]
[62] "factor(sex)" - "sex"           [62]
[63] "factor(sex)" - "sex"           [63]
[64] "factor(sex)" - "sex"           [64]
[65] "factor(sex)" - "sex"           [65]
[66] "factor(sex)" - "sex"           [66]
[67] "factor(sex)" - "sex"           [67]
[68] "factor(sex)" - "sex"           [68]
[69] "factor(sex)" - "sex"           [69]
[70] "factor(sex)" - "sex"           [70]
[71] NA            | NA              [71]
[72] NA            | NA              [72]

`levels(actual$group1_level[[1]])`:   "factor(sex)=1" "factor(sex)=2"
`levels(expected$group1_level[[1]])`: "1"             "2"            

`levels(actual$group1_level[[2]])`:   "factor(sex)=1" "factor(sex)=2"
`levels(expected$group1_level[[2]])`: "1"             "2"            

`levels(actual$group1_level[[3]])`:   "factor(sex)=1" "factor(sex)=2"
`levels(expected$group1_level[[3]])`: "1"             "2"            

`levels(actual$group1_level[[4]])`:   "factor(sex)=1" "factor(sex)=2"
`levels(expected$group1_level[[4]])`: "1"             "2"            

`levels(actual$group1_level[[5]])`:   "factor(sex)=1" "factor(sex)=2"
`levels(expected$group1_level[[5]])`: "1"             "2"            

`levels(actual$group1_level[[6]])`:   "factor(sex)=1" "factor(sex)=2"
`levels(expected$group1_level[[6]])`: "1"             "2"            

`levels(actual$group1_level[[7]])`:   "factor(sex)=1" "factor(sex)=2"
`levels(expected$group1_level[[7]])`: "1"             "2"            

`levels(actual$group1_level[[8]])`:   "factor(sex)=1" "factor(sex)=2"
`levels(expected$group1_level[[8]])`: "1"             "2"            

`levels(actual$group1_level[[9]])`:   "factor(sex)=1" "factor(sex)=2"
`levels(expected$group1_level[[9]])`: "1"             "2"            

`levels(actual$group1_level[[10]])`:   "factor(sex)=1" "factor(sex)=2"
`levels(expected$group1_level[[10]])`: "1"             "2"            

`levels(actual$group1_level[[11]])`:   "factor(sex)=1" "factor(sex)=2"
`levels(expected$group1_level[[11]])`: "1"             "2"            

`levels(actual$group1_level[[12]])`:   "factor(sex)=1" "factor(sex)=2"
`levels(expected$group1_level[[12]])`: "1"             "2"            

`levels(actual$group1_level[[13]])`:   "factor(sex)=1" "factor(sex)=2"
`levels(expected$group1_level[[13]])`: "1"             "2"            

`levels(actual$group1_level[[14]])`:   "factor(sex)=1" "factor(sex)=2"
`levels(expected$group1_level[[14]])`: "1"             "2"            

`levels(actual$group1_level[[15]])`:   "factor(sex)=1" "factor(sex)=2"
`levels(expected$group1_level[[15]])`: "1"             "2"            

`levels(actual$group1_level[[16]])`:   "factor(sex)=1" "factor(sex)=2"
`levels(expected$group1_level[[16]])`: "1"             "2"            

`levels(actual$group1_level[[17]])`:   "factor(sex)=1" "factor(sex)=2"
`levels(expected$group1_level[[17]])`: "1"             "2"            

`levels(actual$group1_level[[18]])`:   "factor(sex)=1" "factor(sex)=2"
`levels(expected$group1_level[[18]])`: "1"             "2"            

`levels(actual$group1_level[[19]])`:   "factor(sex)=1" "factor(sex)=2"
`levels(expected$group1_level[[19]])`: "1"             "2"            

`levels(actual$group1_level[[20]])`:   "factor(sex)=1" "factor(sex)=2"
`levels(expected$group1_level[[20]])`: "1"             "2"            

`levels(actual$group1_level[[21]])`:   "factor(sex)=1" "factor(sex)=2"
`levels(expected$group1_level[[21]])`: "1"             "2"            

`levels(actual$group1_level[[22]])`:   "factor(sex)=1" "factor(sex)=2"
`levels(expected$group1_level[[22]])`: "1"             "2"            

`levels(actual$group1_level[[23]])`:   "factor(sex)=1" "factor(sex)=2"
`levels(expected$group1_level[[23]])`: "1"             "2"            

`levels(actual$group1_level[[24]])`:   "factor(sex)=1" "factor(sex)=2"
`levels(expected$group1_level[[24]])`: "1"             "2"            

`levels(actual$group1_level[[25]])`:   "factor(sex)=1" "factor(sex)=2"
`levels(expected$group1_level[[25]])`: "1"             "2"            

`levels(actual$group1_level[[26]])`:   "factor(sex)=1" "factor(sex)=2"
`levels(expected$group1_level[[26]])`: "1"             "2"            

`levels(actual$group1_level[[27]])`:   "factor(sex)=1" "factor(sex)=2"
`levels(expected$group1_level[[27]])`: "1"             "2"            

`levels(actual$group1_level[[28]])`:   "factor(sex)=1" "factor(sex)=2"
`levels(expected$group1_level[[28]])`: "1"             "2"            

`levels(actual$group1_level[[29]])`:   "factor(sex)=1" "factor(sex)=2"
`levels(expected$group1_level[[29]])`: "1"             "2"            

`levels(actual$group1_level[[30]])`:   "factor(sex)=1" "factor(sex)=2"
`levels(expected$group1_level[[30]])`: "1"             "2"            

`levels(actual$group1_level[[31]])`:   "factor(sex)=1" "factor(sex)=2"
`levels(expected$group1_level[[31]])`: "1"             "2"            

`levels(actual$group1_level[[32]])`:   "factor(sex)=1" "factor(sex)=2"
`levels(expected$group1_level[[32]])`: "1"             "2"            

`levels(actual$group1_level[[33]])`:   "factor(sex)=1" "factor(sex)=2"
`levels(expected$group1_level[[33]])`: "1"             "2"            

`levels(actual$group1_level[[34]])`:   "factor(sex)=1" "factor(sex)=2"
`levels(expected$group1_level[[34]])`: "1"             "2"            

`levels(actual$group1_level[[35]])`:   "factor(sex)=1" "factor(sex)=2"
`levels(expected$group1_level[[35]])`: "1"             "2"            

`levels(actual$group1_level[[36]])`:   "factor(sex)=1" "factor(sex)=2"
`levels(expected$group1_level[[36]])`: "1"             "2"            

`levels(actual$group1_level[[37]])`:   "factor(sex)=1" "factor(sex)=2"
`levels(expected$group1_level[[37]])`: "1"             "2"            

`levels(actual$group1_level[[38]])`:   "factor(sex)=1" "factor(sex)=2"
`levels(expected$group1_level[[38]])`: "1"             "2"            

`levels(actual$group1_level[[39]])`:   "factor(sex)=1" "factor(sex)=2"
`levels(expected$group1_level[[39]])`: "1"             "2"            

`levels(actual$group1_level[[40]])`:   "factor(sex)=1" "factor(sex)=2"
`levels(expected$group1_level[[40]])`: "1"             "2"            

`levels(actual$group1_level[[41]])`:   "factor(sex)=1" "factor(sex)=2"
`levels(expected$group1_level[[41]])`: "1"             "2"            

`levels(actual$group1_level[[42]])`:   "factor(sex)=1" "factor(sex)=2"
`levels(expected$group1_level[[42]])`: "1"             "2"            

`levels(actual$group1_level[[43]])`:   "factor(sex)=1" "factor(sex)=2"
`levels(expected$group1_level[[43]])`: "1"             "2"            

`levels(actual$group1_level[[44]])`:   "factor(sex)=1" "factor(sex)=2"
`levels(expected$group1_level[[44]])`: "1"             "2"            

`levels(actual$group1_level[[45]])`:   "factor(sex)=1" "factor(sex)=2"
`levels(expected$group1_level[[45]])`: "1"             "2"            

`levels(actual$group1_level[[46]])`:   "factor(sex)=1" "factor(sex)=2"
`levels(expected$group1_level[[46]])`: "1"             "2"            

`levels(actual$group1_level[[47]])`:   "factor(sex)=1" "factor(sex)=2"
`levels(expected$group1_level[[47]])`: "1"             "2"            

`levels(actual$group1_level[[48]])`:   "factor(sex)=1" "factor(sex)=2"
`levels(expected$group1_level[[48]])`: "1"             "2"            

`levels(actual$group1_level[[49]])`:   "factor(sex)=1" "factor(sex)=2"
`levels(expected$group1_level[[49]])`: "1"             "2"            

`levels(actual$group1_level[[50]])`:   "factor(sex)=1" "factor(sex)=2"
`levels(expected$group1_level[[50]])`: "1"             "2"            

`levels(actual$group1_level[[51]])`:   "factor(sex)=1" "factor(sex)=2"
`levels(expected$group1_level[[51]])`: "1"             "2"            

`levels(actual$group1_level[[52]])`:   "factor(sex)=1" "factor(sex)=2"
`levels(expected$group1_level[[52]])`: "1"             "2"            

`levels(actual$group1_level[[53]])`:   "factor(sex)=1" "factor(sex)=2"
`levels(expected$group1_level[[53]])`: "1"             "2"            

`levels(actual$group1_level[[54]])`:   "factor(sex)=1" "factor(sex)=2"
`levels(expected$group1_level[[54]])`: "1"             "2"            

`levels(actual$group1_level[[55]])`:   "factor(sex)=1" "factor(sex)=2"
`levels(expected$group1_level[[55]])`: "1"             "2"            

`levels(actual$group1_level[[56]])`:   "factor(sex)=1" "factor(sex)=2"
`levels(expected$group1_level[[56]])`: "1"             "2"            

`levels(actual$group1_level[[57]])`:   "factor(sex)=1" "factor(sex)=2"
`levels(expected$group1_level[[57]])`: "1"             "2"            

`levels(actual$group1_level[[58]])`:   "factor(sex)=1" "factor(sex)=2"
`levels(expected$group1_level[[58]])`: "1"             "2"            

`levels(actual$group1_level[[59]])`:   "factor(sex)=1" "factor(sex)=2"
`levels(expected$group1_level[[59]])`: "1"             "2"            

`levels(actual$group1_level[[60]])`:   "factor(sex)=1" "factor(sex)=2"
`levels(expected$group1_level[[60]])`: "1"             "2"            

`levels(actual$group1_level[[61]])`:   "factor(sex)=1" "factor(sex)=2"
`levels(expected$group1_level[[61]])`: "1"             "2"            

`levels(actual$group1_level[[62]])`:   "factor(sex)=1" "factor(sex)=2"
`levels(expected$group1_level[[62]])`: "1"             "2"            

`levels(actual$group1_level[[63]])`:   "factor(sex)=1" "factor(sex)=2"
`levels(expected$group1_level[[63]])`: "1"             "2"            

`levels(actual$group1_level[[64]])`:   "factor(sex)=1" "factor(sex)=2"
`levels(expected$group1_level[[64]])`: "1"             "2"            

`levels(actual$group1_level[[65]])`:   "factor(sex)=1" "factor(sex)=2"
`levels(expected$group1_level[[65]])`: "1"             "2"            

`levels(actual$group1_level[[66]])`:   "factor(sex)=1" "factor(sex)=2"
`levels(expected$group1_level[[66]])`: "1"             "2"            

`levels(actual$group1_level[[67]])`:   "factor(sex)=1" "factor(sex)=2"
`levels(expected$group1_level[[67]])`: "1"             "2"            

`levels(actual$group1_level[[68]])`:   "factor(sex)=1" "factor(sex)=2"
`levels(expected$group1_level[[68]])`: "1"             "2"            

`levels(actual$group1_level[[69]])`:   "factor(sex)=1" "factor(sex)=2"
`levels(expected$group1_level[[69]])`: "1"             "2"            

`levels(actual$group1_level[[70]])`:   "factor(sex)=1" "factor(sex)=2"
`levels(expected$group1_level[[70]])`: "1"             "2"            

`levels(actual$group1_level[[71]])`:   "factor(sex)=1" "factor(sex)=2"
`levels(expected$group1_level[[71]])`: "1"             "2"            

`levels(actual$group1_level[[72]])`:   "factor(sex)=1" "factor(sex)=2"
`levels(expected$group1_level[[72]])`: "1"             "2"            
</failure>
    </testcase>
  </testsuite>
  <testsuite name="ard_survival_survfit" timestamp="2026-04-13T22:24:50Z" hostname="9b8127fd4078" tests="1" skipped="0" failures="0" errors="0" time="0.014">
    <testcase time="0.0139999999999993" classname="character(0)" name="ard_survival_survfit_errors_with_stratified_Cox_model"/>
  </testsuite>
  <testsuite name="ard_survival_survfit" timestamp="2026-04-13T22:24:50Z" hostname="9b8127fd4078" tests="1" skipped="0" failures="0" errors="0" time="0.002">
    <testcase time="0.00199999999999889" classname="character(0)" name="ard_survival_survfit_works_with_in_strata_variable_level_labels"/>
  </testsuite>
  <testsuite name="ard_survival_survfit" timestamp="2026-04-13T22:24:50Z" hostname="9b8127fd4078" tests="1" skipped="0" failures="0" errors="0" time="0.002">
    <testcase time="0.00199999999999889" classname="character(0)" name="ard_survival_survfit_preserves_parentheses_in_strata_level_labels"/>
  </testsuite>
  <testsuite name="ard_survival_survfit" timestamp="2026-04-13T22:24:50Z" hostname="9b8127fd4078" tests="1" skipped="0" failures="0" errors="0" time="0.003">
    <testcase time="0.00300000000000011" classname="character(0)" name="ard_survival_survfit_follows_ard_structure"/>
  </testsuite>
  <testsuite name="ard_survival_survfit" timestamp="2026-04-13T22:24:50Z" hostname="9b8127fd4078" tests="1" skipped="0" failures="0" errors="0" time="0.002">
    <testcase time="0.00200000000000244" classname="character(0)" name="ard_survival_survfit_extends_to_times_outside_range"/>
  </testsuite>
  <testsuite name="ard_survival_survfit" timestamp="2026-04-13T22:24:50Z" hostname="9b8127fd4078" tests="5" skipped="0" failures="0" errors="0" time="0.004">
    <testcase time="0.00199999999999889" classname="character(0)" name="ard_survival_survfit.data.frame_works_as_expected"/>
    <testcase time="0.00100000000000122" classname="character(0)" name="ard_survival_survfit.data.frame_works_as_expected"/>
    <testcase time="0" classname="character(0)" name="ard_survival_survfit.data.frame_works_as_expected"/>
    <testcase time="0.000999999999997669" classname="character(0)" name="ard_survival_survfit.data.frame_works_as_expected"/>
    <testcase time="0" classname="character(0)" name="ard_survival_survfit.data.frame_works_as_expected"/>
  </testsuite>
  <testsuite name="ard_survival_survfit" timestamp="2026-04-13T22:24:50Z" hostname="9b8127fd4078" tests="1" skipped="0" failures="0" errors="0" time="0.002">
    <testcase time="0.00200000000000244" classname="character(0)" name="ard_survival_survfit.data.frame_variables_NULL_for_unstratified_model"/>
  </testsuite>
  <testsuite name="ard_survival_survfit_diff" timestamp="2026-04-13T22:24:51Z" hostname="9b8127fd4078" tests="4" skipped="0" failures="0" errors="0" time="0.586">
[...]
    <testcase time="0.000999999999997669" classname="character(0)" name="ard_tabulate_value.survey.design_works"/>
    <testcase time="0.000999999999997669" classname="character(0)" name="ard_tabulate_value.survey.design_works"/>
    <testcase time="0" classname="character(0)" name="ard_tabulate_value.survey.design_works"/>
    <testcase time="0.00100000000000477" classname="character(0)" name="ard_tabulate_value.survey.design_works"/>
    <testcase time="0.000999999999997669" classname="character(0)" name="ard_tabulate_value.survey.design_works"/>
    <testcase time="0.000999999999997669" classname="character(0)" name="ard_tabulate_value.survey.design_works"/>
    <testcase time="0" classname="character(0)" name="ard_tabulate_value.survey.design_works"/>
  </testsuite>
  <testsuite name="ard_tabulate_value.survey.design" timestamp="2026-04-13T22:25:26Z" hostname="9b8127fd4078" tests="12" skipped="0" failures="0" errors="0" time="0.009">
    <testcase time="0.00300000000000011" classname="character(0)" name="ard_dichotomous.survey.design_works_with_various_input_types"/>
    <testcase time="0.00100000000000477" classname="character(0)" name="ard_dichotomous.survey.design_works_with_various_input_types"/>
    <testcase time="0" classname="character(0)" name="ard_dichotomous.survey.design_works_with_various_input_types"/>
    <testcase time="0.000999999999997669" classname="character(0)" name="ard_dichotomous.survey.design_works_with_various_input_types"/>
    <testcase time="0" classname="character(0)" name="ard_dichotomous.survey.design_works_with_various_input_types"/>
    <testcase time="0.000999999999997669" classname="character(0)" name="ard_dichotomous.survey.design_works_with_various_input_types"/>
    <testcase time="0.00100000000000477" classname="character(0)" name="ard_dichotomous.survey.design_works_with_various_input_types"/>
    <testcase time="0" classname="character(0)" name="ard_dichotomous.survey.design_works_with_various_input_types"/>
    <testcase time="0.000999999999997669" classname="character(0)" name="ard_dichotomous.survey.design_works_with_various_input_types"/>
    <testcase time="0" classname="character(0)" name="ard_dichotomous.survey.design_works_with_various_input_types"/>
    <testcase time="0" classname="character(0)" name="ard_dichotomous.survey.design_works_with_various_input_types"/>
    <testcase time="0.00100000000000477" classname="character(0)" name="ard_dichotomous.survey.design_works_with_various_input_types"/>
  </testsuite>
  <testsuite name="ard_tabulate_value.survey.design" timestamp="2026-04-13T22:25:26Z" hostname="9b8127fd4078" tests="3" skipped="0" failures="0" errors="0" time="0.003">
    <testcase time="0.00199999999999534" classname="character(0)" name="ard_tabulate_value.survey.design_returns_an_error_with_erroneous_input"/>
    <testcase time="0.00100000000000477" classname="character(0)" name="ard_tabulate_value.survey.design_returns_an_error_with_erroneous_input"/>
    <testcase time="0" classname="character(0)" name="ard_tabulate_value.survey.design_returns_an_error_with_erroneous_input"/>
  </testsuite>
  <testsuite name="ard_tabulate_value.survey.design" timestamp="2026-04-13T22:25:26Z" hostname="9b8127fd4078" tests="1" skipped="0" failures="0" errors="0" time="0.003">
    <testcase time="0.00300000000000011" classname="character(0)" name="ard_tabulate_value.survey.design_follows_ard_structure"/>
  </testsuite>
  <testsuite name="ard_total_n.survey.design" timestamp="2026-04-13T22:25:27Z" hostname="9b8127fd4078" tests="1" skipped="0" failures="0" errors="0" time="0.591">
    <testcase time="0.590999999999994" classname="character(0)" name="ard_total_n.survey.design_works"/>
  </testsuite>
  <testsuite name="ard_total_n.survey.design" timestamp="2026-04-13T22:25:27Z" hostname="9b8127fd4078" tests="1" skipped="0" failures="0" errors="0" time="0.003">
    <testcase time="0.00300000000000011" classname="character(0)" name="ard_total_n.survey.design_follows_ard_structure"/>
  </testsuite>
  <testsuite name="ard_total_n.survey.design" timestamp="2026-04-13T22:25:27Z" hostname="9b8127fd4078" tests="1" skipped="0" failures="0" errors="0" time="0.002">
    <testcase time="0.00200000000000244" classname="character(0)" name="ard_total_n.survey.design_using_update_"/>
  </testsuite>
  <testsuite name="construction_helpers" timestamp="2026-04-13T22:25:29Z" hostname="9b8127fd4078" tests="10" skipped="0" failures="0" errors="0" time="2.066">
    <testcase time="2.06" classname="character(0)" name="construct_model_works"/>
    <testcase time="0.000999999999997669" classname="character(0)" name="construct_model_works"/>
    <testcase time="0.000999999999997669" classname="character(0)" name="construct_model_works"/>
    <testcase time="0" classname="character(0)" name="construct_model_works"/>
    <testcase time="0.00100000000000477" classname="character(0)" name="construct_model_works"/>
    <testcase time="0" classname="character(0)" name="construct_model_works"/>
    <testcase time="0.000999999999997669" classname="character(0)" name="construct_model_works"/>
    <testcase time="0.000999999999997669" classname="character(0)" name="construct_model_works"/>
    <testcase time="0" classname="character(0)" name="construct_model_works"/>
    <testcase time="0.00100000000000477" classname="character(0)" name="construct_model_works"/>
  </testsuite>
  <testsuite name="construction_helpers" timestamp="2026-04-13T22:25:29Z" hostname="9b8127fd4078" tests="6" skipped="0" failures="0" errors="0" time="0.005">
    <testcase time="0.00199999999999534" classname="character(0)" name="construct_model_messaging"/>
    <testcase time="0.00100000000000477" classname="character(0)" name="construct_model_messaging"/>
    <testcase time="0" classname="character(0)" name="construct_model_messaging"/>
    <testcase time="0.000999999999997669" classname="character(0)" name="construct_model_messaging"/>
    <testcase time="0.000999999999997669" classname="character(0)" name="construct_model_messaging"/>
    <testcase time="0" classname="character(0)" name="construct_model_messaging"/>
  </testsuite>
  <testsuite name="proportion_ci" timestamp="2026-04-13T22:25:30Z" hostname="9b8127fd4078" tests="34" skipped="0" failures="0" errors="0" time="1.092">
    <testcase time="1.071" classname="character(0)" name="check_the_proportion_ci__functions_work"/>
    <testcase time="0.00100000000000477" classname="character(0)" name="check_the_proportion_ci__functions_work"/>
    <testcase time="0" classname="character(0)" name="check_the_proportion_ci__functions_work"/>
    <testcase time="0.00100000000000477" classname="character(0)" name="check_the_proportion_ci__functions_work"/>
    <testcase time="0" classname="character(0)" name="check_the_proportion_ci__functions_work"/>
    <testcase time="0.000999999999990564" classname="character(0)" name="check_the_proportion_ci__functions_work"/>
    <testcase time="0.00100000000000477" classname="character(0)" name="check_the_proportion_ci__functions_work"/>
    <testcase time="0" classname="character(0)" name="check_the_proportion_ci__functions_work"/>
    <testcase time="0.00100000000000477" classname="character(0)" name="check_the_proportion_ci__functions_work"/>
    <testcase time="0.000999999999990564" classname="character(0)" name="check_the_proportion_ci__functions_work"/>
    <testcase time="0" classname="character(0)" name="check_the_proportion_ci__functions_work"/>
    <testcase time="0.00100000000000477" classname="character(0)" name="check_the_proportion_ci__functions_work"/>
    <testcase time="0" classname="character(0)" name="check_the_proportion_ci__functions_work"/>
    <testcase time="0.00100000000000477" classname="character(0)" name="check_the_proportion_ci__functions_work"/>
    <testcase time="0.000999999999990564" classname="character(0)" name="check_the_proportion_ci__functions_work"/>
    <testcase time="0" classname="character(0)" name="check_the_proportion_ci__functions_work"/>
    <testcase time="0.00100000000000477" classname="character(0)" name="check_the_proportion_ci__functions_work"/>
    <testcase time="0.00100000000000477" classname="character(0)" name="check_the_proportion_ci__functions_work"/>
    <testcase time="0" classname="character(0)" name="check_the_proportion_ci__functions_work"/>
    <testcase time="0.000999999999990564" classname="character(0)" name="check_the_proportion_ci__functions_work"/>
    <testcase time="0.00100000000000477" classname="character(0)" name="check_the_proportion_ci__functions_work"/>
    <testcase time="0" classname="character(0)" name="check_the_proportion_ci__functions_work"/>
    <testcase time="0.00100000000000477" classname="character(0)" name="check_the_proportion_ci__functions_work"/>
    <testcase time="0.000999999999990564" classname="character(0)" name="check_the_proportion_ci__functions_work"/>
    <testcase time="0" classname="character(0)" name="check_the_proportion_ci__functions_work"/>
    <testcase time="0.00100000000000477" classname="character(0)" name="check_the_proportion_ci__functions_work"/>
    <testcase time="0.00100000000000477" classname="character(0)" name="check_the_proportion_ci__functions_work"/>
    <testcase time="0" classname="character(0)" name="check_the_proportion_ci__functions_work"/>
    <testcase time="0.000999999999990564" classname="character(0)" name="check_the_proportion_ci__functions_work"/>
    <testcase time="0.00100000000000477" classname="character(0)" name="check_the_proportion_ci__functions_work"/>
    <testcase time="0" classname="character(0)" name="check_the_proportion_ci__functions_work"/>
    <testcase time="0.00100000000000477" classname="character(0)" name="check_the_proportion_ci__functions_work"/>
    <testcase time="0.000999999999990564" classname="character(0)" name="check_the_proportion_ci__functions_work"/>
    <testcase time="0" classname="character(0)" name="check_the_proportion_ci__functions_work"/>
  </testsuite>
  <testsuite name="proportion_ci" timestamp="2026-04-13T22:25:30Z" hostname="9b8127fd4078" tests="10" skipped="0" failures="0" errors="0" time="0.008">
    <testcase time="0.00300000000000011" classname="character(0)" name="check_the_proportion_ci_strat_wilson_function_works"/>
    <testcase time="0.00100000000000477" classname="character(0)" name="check_the_proportion_ci_strat_wilson_function_works"/>
    <testcase time="0" classname="character(0)" name="check_the_proportion_ci_strat_wilson_function_works"/>
    <testcase time="0.00100000000000477" classname="character(0)" name="check_the_proportion_ci_strat_wilson_function_works"/>
    <testcase time="0" classname="character(0)" name="check_the_proportion_ci_strat_wilson_function_works"/>
    <testcase time="0.000999999999990564" classname="character(0)" name="check_the_proportion_ci_strat_wilson_function_works"/>
    <testcase time="0.00100000000000477" classname="character(0)" name="check_the_proportion_ci_strat_wilson_function_works"/>
    <testcase time="0" classname="character(0)" name="check_the_proportion_ci_strat_wilson_function_works"/>
    <testcase time="0.00100000000000477" classname="character(0)" name="check_the_proportion_ci_strat_wilson_function_works"/>
    <testcase time="0" classname="character(0)" name="check_the_proportion_ci_strat_wilson_function_works"/>
  </testsuite>
  <testsuite name="ard_summary.survey.design" timestamp="2026-04-13T22:25:51Z" hostname="9b8127fd4078" tests="12" skipped="0" failures="0" errors="0" time="21.492">
    <testcase time="21.482" classname="character(0)" name="unstratified_ard_summary.survey.design_works"/>
    <testcase time="0.000999999999990564" classname="character(0)" name="unstratified_ard_summary.survey.design_works"/>
    <testcase time="0.00100000000000477" classname="character(0)" name="unstratified_ard_summary.survey.design_works"/>
    <testcase time="0" classname="character(0)" name="unstratified_ard_summary.survey.design_works"/>
    <testcase time="0.00100000000000477" classname="character(0)" name="unstratified_ard_summary.survey.design_works"/>
    <testcase time="0" classname="character(0)" name="unstratified_ard_summary.survey.design_works"/>
    <testcase time="0.000999999999990564" classname="character(0)" name="unstratified_ard_summary.survey.design_works"/>
    <testcase time="0.00100000000000477" classname="character(0)" name="unstratified_ard_summary.survey.design_works"/>
    <testcase time="0" classname="character(0)" name="unstratified_ard_summary.survey.design_works"/>
    <testcase time="0.00100000000000477" classname="character(0)" name="unstratified_ard_summary.survey.design_works"/>
    <testcase time="0.00300000000000011" classname="character(0)" name="unstratified_ard_summary.survey.design_works"/>
    <testcase time="0.000999999999990564" classname="character(0)" name="unstratified_ard_summary.survey.design_works"/>
  </testsuite>
  <testsuite name="ard_summary.survey.design" timestamp="2026-04-13T22:25:51Z" hostname="9b8127fd4078" tests="11" skipped="0" failures="0" errors="0" time="0.008">
    <testcase time="0.00200000000000955" classname="character(0)" name="stratified_ard_summary.survey.design_works"/>
    <testcase time="0.000999999999990564" classname="character(0)" name="stratified_ard_summary.survey.design_works"/>
    <testcase time="0.00100000000000477" classname="character(0)" name="stratified_ard_summary.survey.design_works"/>
    <testcase time="0" classname="character(0)" name="stratified_ard_summary.survey.design_works"/>
    <testcase time="0.00100000000000477" classname="character(0)" name="stratified_ard_summary.survey.design_works"/>
    <testcase time="0" classname="character(0)" name="stratified_ard_summary.survey.design_works"/>
    <testcase time="0.000999999999990564" classname="character(0)" name="stratified_ard_summary.survey.design_works"/>
    <testcase time="0.00100000000000477" classname="character(0)" name="stratified_ard_summary.survey.design_works"/>
    <testcase time="0" classname="character(0)" name="stratified_ard_summary.survey.design_works"/>
    <testcase time="0.00100000000000477" classname="character(0)" name="stratified_ard_summary.survey.design_works"/>
    <testcase time="0" classname="character(0)" name="stratified_ard_summary.survey.design_works"/>
  </testsuite>
  <testsuite name="ard_summary.survey.design" timestamp="2026-04-13T22:25:51Z" hostname="9b8127fd4078" tests="4" skipped="0" failures="0" errors="0" time="0.004">
    <testcase time="0.00300000000000011" classname="character(0)" name="ard_summary.survey.design_NA_handling"/>
    <testcase time="0" classname="character(0)" name="ard_summary.survey.design_NA_handling"/>
    <testcase time="0.000999999999990564" classname="character(0)" name="ard_summary.survey.design_NA_handling"/>
    <testcase time="0" classname="character(0)" name="ard_summary.survey.design_NA_handling"/>
  </testsuite>
  <testsuite name="ard_summary.survey.design" timestamp="2026-04-13T22:25:51Z" hostname="9b8127fd4078" tests="2" skipped="0" failures="0" errors="0" time="0.003">
    <testcase time="0.00300000000000011" classname="character(0)" name="ard_summary.survey.design_error_handling"/>
    <testcase time="0" classname="character(0)" name="ard_summary.survey.design_error_handling"/>
  </testsuite>
  <testsuite name="ard_summary.survey.design" timestamp="2026-04-13T22:25:51Z" hostname="9b8127fd4078" tests="1" skipped="0" failures="0" errors="0" time="0.002">
    <testcase time="0.00200000000000955" classname="character(0)" name="ard_summary.survey.design_fmt_fun_"/>
  </testsuite>
  <testsuite name="ard_summary.survey.design" timestamp="2026-04-13T22:25:51Z" hostname="9b8127fd4078" tests="1" skipped="0" failures="0" errors="0" time="0.003">
    <testcase time="0.00300000000000011" classname="character(0)" name="ard_summary.survey.design_stat_label_"/>
  </testsuite>
  <testsuite name="ard_summary.survey.design" timestamp="2026-04-13T22:25:51Z" hostname="9b8127fd4078" tests="2" skipped="0" failures="0" errors="0" time="0.002">
    <testcase time="0.00199999999999534" classname="character(0)" name="ard_summary.survey.design_by_unobserved_levels_combinations"/>
    <testcase time="0" classname="character(0)" name="ard_summary.survey.design_by_unobserved_levels_combinations"/>
  </testsuite>
  <testsuite name="ard_summary.survey.design" timestamp="2026-04-13T22:25:51Z" hostname="9b8127fd4078" tests="19" skipped="0" failures="0" errors="0" time="0.014">
    <testcase time="0.00300000000000011" classname="character(0)" name="ard_summary.survey.design_works_when_using_generic_names_"/>
    <testcase time="0" classname="character(0)" name="ard_summary.survey.design_works_when_using_generic_names_"/>
    <testcase time="0.00100000000000477" classname="character(0)" name="ard_summary.survey.design_works_when_using_generic_names_"/>
    <testcase time="0" classname="character(0)" name="ard_summary.survey.design_works_when_using_generic_names_"/>
    <testcase time="0.000999999999990564" classname="character(0)" name="ard_summary.survey.design_works_when_using_generic_names_"/>
    <testcase time="0.00100000000000477" classname="character(0)" name="ard_summary.survey.design_works_when_using_generic_names_"/>
    <testcase time="0.00100000000000477" classname="character(0)" name="ard_summary.survey.design_works_when_using_generic_names_"/>
    <testcase time="0.000999999999990564" classname="character(0)" name="ard_summary.survey.design_works_when_using_generic_names_"/>
    <testcase time="0" classname="character(0)" name="ard_summary.survey.design_works_when_using_generic_names_"/>
    <testcase time="0.00100000000000477" classname="character(0)" name="ard_summary.survey.design_works_when_using_generic_names_"/>
    <testcase time="0" classname="character(0)" name="ard_summary.survey.design_works_when_using_generic_names_"/>
    <testcase time="0.00100000000000477" classname="character(0)" name="ard_summary.survey.design_works_when_using_generic_names_"/>
    <testcase time="0.000999999999990564" classname="character(0)" name="ard_summary.survey.design_works_when_using_generic_names_"/>
    <testcase time="0" classname="character(0)" name="ard_summary.survey.design_works_when_using_generic_names_"/>
    <testcase time="0.00100000000000477" classname="character(0)" name="ard_summary.survey.design_works_when_using_generic_names_"/>
    <testcase time="0.00100000000000477" classname="character(0)" name="ard_summary.survey.design_works_when_using_generic_names_"/>
    <testcase time="0" classname="character(0)" name="ard_summary.survey.design_works_when_using_generic_names_"/>
    <testcase time="0.000999999999990564" classname="character(0)" name="ard_summary.survey.design_works_when_using_generic_names_"/>
    <testcase time="0" classname="character(0)" name="ard_summary.survey.design_works_when_using_generic_names_"/>
  </testsuite>
  <testsuite name="ard_summary.survey.design" timestamp="2026-04-13T22:25:51Z" hostname="9b8127fd4078" tests="1" skipped="0" failures="0" errors="0" time="0.003">
    <testcase time="0.00300000000000011" classname="character(0)" name="ard_summary.survey.design_follows_ard_structure"/>
  </testsuite>
  <testsuite name="ard_summary.survey.design" timestamp="2026-04-13T22:25:51Z" hostname="9b8127fd4078" tests="4" skipped="0" failures="0" errors="0" time="0.004">
    <testcase time="0.00200000000000955" classname="character(0)" name="ard_summary.survey.design_original_types_are_retained"/>
    <testcase time="0.000999999999990564" classname="character(0)" name="ard_summary.survey.design_original_types_are_retained"/>
    <testcase time="0" classname="character(0)" name="ard_summary.survey.design_original_types_are_retained"/>
    <testcase time="0.00100000000000477" classname="character(0)" name="ard_summary.survey.design_original_types_are_retained"/>
  </testsuite>
</testsuites>
